0	1	slf/0.jpg
1	1	slf/10.jpg
2	1	slf/100.jpg
3	1	slf/1000.jpg
4	1	slf/1001.jpg
5	1	slf/1002.jpg
6	1	slf/1003.jpg
7	1	slf/1004.jpg
8	1	slf/1005.jpg
9	1	slf/1006.jpg
10	1	slf/1007.jpg
11	1	slf/1008.jpg
12	1	slf/1009.jpg
13	1	slf/101.jpg
14	1	slf/1010.jpg
15	1	slf/1011.jpg
16	1	slf/1012.jpg
17	1	slf/1013.jpg
18	1	slf/1014.jpg
19	1	slf/1015.jpg
20	1	slf/1016.jpg
21	1	slf/1017.jpg
22	1	slf/1018.jpg
23	1	slf/1019.jpg
24	1	slf/1020.jpg
25	1	slf/1021.jpg
26	1	slf/1022.jpg
27	1	slf/1023.jpg
28	1	slf/1024.jpg
29	1	slf/1025.jpg
30	1	slf/1026.jpg
31	1	slf/1027.jpg
32	1	slf/1028.jpg
33	1	slf/1029.jpg
34	1	slf/1030.jpg
35	1	slf/1031.jpg
36	1	slf/1032.jpg
37	1	slf/1033.jpg
38	1	slf/1034.jpg
39	1	slf/1035.jpg
40	1	slf/1036.jpg
41	1	slf/1037.jpg
42	1	slf/1038.jpg
43	1	slf/1039.jpg
44	1	slf/1042.jpg
45	1	slf/1043.jpg
46	1	slf/1044.jpg
47	1	slf/1045.jpg
48	1	slf/1046.jpg
49	1	slf/1047.jpg
50	1	slf/1048.jpg
51	1	slf/1049.jpg
52	1	slf/1050.jpg
53	1	slf/1051.jpg
54	1	slf/1052.jpg
55	1	slf/1054.jpg
56	1	slf/1055.jpg
57	1	slf/1056.jpg
58	1	slf/1057.jpg
59	1	slf/1058.jpg
60	1	slf/1059.jpg
61	1	slf/1060.jpg
62	1	slf/1061.jpg
63	1	slf/1062.jpg
64	1	slf/1063.jpg
65	1	slf/1064.jpg
66	1	slf/1065.jpg
67	1	slf/1066.jpg
68	1	slf/1067.jpg
69	1	slf/1068.jpg
70	1	slf/1069.jpg
71	1	slf/1070.jpg
72	1	slf/1071.jpg
73	1	slf/1072.jpg
74	1	slf/1073.jpg
75	1	slf/1074.jpg
76	1	slf/1075.jpg
77	1	slf/1076.jpg
78	1	slf/1077.jpg
79	1	slf/1078.jpg
80	1	slf/1079.jpg
81	1	slf/1080.jpg
82	1	slf/1081.jpg
83	1	slf/1084.jpg
84	1	slf/1085.jpg
85	1	slf/1086.jpg
86	1	slf/1087.jpg
87	1	slf/109.jpg
88	1	slf/1092.jpg
89	1	slf/1093.jpg
90	1	slf/1094.jpg
91	1	slf/1095.jpg
92	1	slf/11.jpg
93	1	slf/110.jpg
94	1	slf/1100.jpg
95	1	slf/1101.jpg
96	1	slf/1102.jpg
97	1	slf/1103.jpg
98	1	slf/1104.jpg
99	1	slf/1105.jpg
100	1	slf/1106.jpg
101	1	slf/1107.jpg
102	1	slf/1108.jpg
103	1	slf/1109.jpg
104	1	slf/111.jpg
105	1	slf/1111.jpg
106	1	slf/1112.jpg
107	1	slf/1113.jpg
108	1	slf/1114.jpg
109	1	slf/1115.jpg
110	1	slf/1116.jpg
111	1	slf/1117.jpg
112	1	slf/1118.jpg
113	1	slf/1119.jpg
114	1	slf/112.jpg
115	1	slf/1120.jpg
116	1	slf/1121.jpg
117	1	slf/1122.jpg
118	1	slf/1123.jpg
119	1	slf/1124.jpg
120	1	slf/1126.jpg
121	1	slf/1127.jpg
122	1	slf/1128.jpg
123	1	slf/1132.jpg
124	1	slf/1133.jpg
125	1	slf/1134.jpg
126	1	slf/1135.jpg
127	1	slf/1136.jpg
128	1	slf/1137.jpg
129	1	slf/1138.jpg
130	1	slf/1139.jpg
131	1	slf/1144.jpg
132	1	slf/1145.jpg
133	1	slf/1147.jpg
134	1	slf/1148.jpg
135	1	slf/1149.jpg
136	1	slf/1150.jpg
137	1	slf/1151.jpg
138	1	slf/1152.jpg
139	1	slf/1153.jpg
140	1	slf/1154.jpg
141	1	slf/1155.jpg
142	1	slf/1156.jpg
143	1	slf/1157.jpg
144	1	slf/1158.jpg
145	1	slf/1159.jpg
146	1	slf/1160.jpg
147	1	slf/1161.jpg
148	1	slf/1162.jpg
149	1	slf/1163.jpg
150	1	slf/1164.jpg
151	1	slf/1165.jpg
152	1	slf/1166.jpg
153	1	slf/1167.jpg
154	1	slf/1171.jpg
155	1	slf/1172.jpg
156	1	slf/1173.jpg
157	1	slf/1174.jpg
158	1	slf/1175.jpg
159	1	slf/1176.jpg
160	1	slf/1177.jpg
161	1	slf/1178.jpg
162	1	slf/1180.jpg
163	1	slf/1181.jpg
164	1	slf/1182.jpg
165	1	slf/1183.jpg
166	1	slf/1184.jpg
167	1	slf/1185.jpg
168	1	slf/1186.jpg
169	1	slf/1187.jpg
170	1	slf/1188.jpg
171	1	slf/119.jpg
172	1	slf/1194.jpg
173	1	slf/1195.jpg
174	1	slf/1196.jpg
175	1	slf/1197.jpg
176	1	slf/1198.jpg
177	1	slf/1199.jpg
178	1	slf/12.jpg
179	1	slf/1200.jpg
180	1	slf/1201.jpg
181	1	slf/1205.jpg
182	1	slf/1209.jpg
183	1	slf/1210.jpg
184	1	slf/1217.jpg
185	1	slf/1218.jpg
186	1	slf/1219.jpg
187	1	slf/122.jpg
188	1	slf/1220.jpg
189	1	slf/1221.jpg
190	1	slf/1222.jpg
191	1	slf/1223.jpg
192	1	slf/1224.jpg
193	1	slf/1225.jpg
194	1	slf/1227.jpg
195	1	slf/1228.jpg
196	1	slf/123.jpg
197	1	slf/1240.jpg
198	1	slf/1241.jpg
199	1	slf/1242.jpg
200	1	slf/1243.jpg
201	1	slf/1244.jpg
202	1	slf/1245.jpg
203	1	slf/1246.jpg
204	1	slf/1247.jpg
205	1	slf/1248.jpg
206	1	slf/1249.jpg
207	1	slf/125.jpg
208	1	slf/1250.jpg
209	1	slf/1251.jpg
210	1	slf/1252.jpg
211	1	slf/1253.jpg
212	1	slf/1254.jpg
213	1	slf/1255.jpg
214	1	slf/1256.jpg
215	1	slf/1257.jpg
216	1	slf/1258.jpg
217	1	slf/1259.jpg
218	1	slf/126.jpg
219	1	slf/1260.jpg
220	1	slf/1263.jpg
221	1	slf/1266.jpg
222	1	slf/1269.jpg
223	1	slf/127.jpg
224	1	slf/1270.jpg
225	1	slf/1274.jpg
226	1	slf/1275.jpg
227	1	slf/1276.jpg
228	1	slf/1277.jpg
229	1	slf/1278.jpg
230	1	slf/128.jpg
231	1	slf/1280.jpg
232	1	slf/1281.jpg
233	1	slf/1282.jpg
234	1	slf/1283.jpg
235	1	slf/1284.jpg
236	1	slf/1285.jpg
237	1	slf/1286.jpg
238	1	slf/1287.jpg
239	1	slf/1288.jpg
240	1	slf/129.jpg
241	1	slf/13.jpg
242	1	slf/130.jpg
243	1	slf/1303.jpg
244	1	slf/1304.jpg
245	1	slf/1305.jpg
246	1	slf/1306.jpg
247	1	slf/1307.jpg
248	1	slf/1308.jpg
249	1	slf/1309.jpg
250	1	slf/131.jpg
251	1	slf/1310.jpg
252	1	slf/1311.jpg
253	1	slf/1312.jpg
254	1	slf/1315.jpg
255	1	slf/1316.jpg
256	1	slf/1317.jpg
257	1	slf/1318.jpg
258	1	slf/1319.jpg
259	1	slf/132.jpg
260	1	slf/1320.jpg
261	1	slf/1321.jpg
262	1	slf/1322.jpg
263	1	slf/1323.jpg
264	1	slf/1324.jpg
265	1	slf/1325.jpg
266	1	slf/1326.jpg
267	1	slf/1327.jpg
268	1	slf/1328.jpg
269	1	slf/1329.jpg
270	1	slf/1330.jpg
271	1	slf/134.jpg
272	1	slf/1348.jpg
273	1	slf/1349.jpg
274	1	slf/135.jpg
275	1	slf/1350.jpg
276	1	slf/1351.jpg
277	1	slf/1352.jpg
278	1	slf/1353.jpg
279	1	slf/1354.jpg
280	1	slf/1356.jpg
281	1	slf/1357.jpg
282	1	slf/1358.jpg
283	1	slf/1359.jpg
284	1	slf/1360.jpg
285	1	slf/1361.jpg
286	1	slf/1362.jpg
287	1	slf/1363.jpg
288	1	slf/1364.jpg
289	1	slf/1365.jpg
290	1	slf/1366.jpg
291	1	slf/1368.jpg
292	1	slf/1369.jpg
293	1	slf/137.jpg
294	1	slf/1370.jpg
295	1	slf/1376.jpg
296	1	slf/1378.jpg
297	1	slf/1379.jpg
298	1	slf/138.jpg
299	1	slf/1380.jpg
300	1	slf/1383.jpg
301	1	slf/1385.jpg
302	1	slf/139.jpg
303	1	slf/1390.jpg
304	1	slf/1392.jpg
305	1	slf/1393.jpg
306	1	slf/1394.jpg
307	1	slf/1395.jpg
308	1	slf/1396.jpg
309	1	slf/140.jpg
310	1	slf/1401.jpg
311	1	slf/1402.jpg
312	1	slf/1403.jpg
313	1	slf/1404.jpg
314	1	slf/1407.jpg
315	1	slf/1408.jpg
316	1	slf/1409.jpg
317	1	slf/141.jpg
318	1	slf/1410.jpg
319	1	slf/1411.jpg
320	1	slf/1412.jpg
321	1	slf/1413.jpg
322	1	slf/1414.jpg
323	1	slf/1415.jpg
324	1	slf/1416.jpg
325	1	slf/1417.jpg
326	1	slf/1418.jpg
327	1	slf/1419.jpg
328	1	slf/142.jpg
329	1	slf/1420.jpg
330	1	slf/1421.jpg
331	1	slf/1422.jpg
332	1	slf/1423.jpg
333	1	slf/1424.jpg
334	1	slf/1425.jpg
335	1	slf/1426.jpg
336	1	slf/1427.jpg
337	1	slf/1428.jpg
338	1	slf/1429.jpg
339	1	slf/143.jpg
340	1	slf/1431.jpg
341	1	slf/1432.jpg
342	1	slf/1433.jpg
343	1	slf/1434.jpg
344	1	slf/1435.jpg
345	1	slf/1436.jpg
346	1	slf/1437.jpg
347	1	slf/1438.jpg
348	1	slf/1439.jpg
349	1	slf/1440.jpg
350	1	slf/1441.jpg
351	1	slf/1442.jpg
352	1	slf/1443.jpg
353	1	slf/1444.jpg
354	1	slf/1453.jpg
355	1	slf/1454.jpg
356	1	slf/1461.jpg
357	1	slf/1462.jpg
358	1	slf/147.jpg
359	1	slf/1472.jpg
360	1	slf/1473.jpg
361	1	slf/1474.jpg
362	1	slf/1475.jpg
363	1	slf/1477.jpg
364	1	slf/1478.jpg
365	1	slf/1479.jpg
366	1	slf/148.jpg
367	1	slf/1480.jpg
368	1	slf/1481.jpg
369	1	slf/1482.jpg
370	1	slf/1483.jpg
371	1	slf/1484.jpg
372	1	slf/1488.jpg
373	1	slf/149.jpg
374	1	slf/1490.jpg
375	1	slf/1491.jpg
376	1	slf/1492.jpg
377	1	slf/1493.jpg
378	1	slf/1494.jpg
379	1	slf/1495.jpg
380	1	slf/1496.jpg
381	1	slf/1497.jpg
382	1	slf/1498.jpg
383	1	slf/15.jpg
384	1	slf/150.jpg
385	1	slf/1500.jpg
386	1	slf/1502.jpg
387	1	slf/1503.jpg
388	1	slf/1504.jpg
389	1	slf/1505.jpg
390	1	slf/1507.jpg
391	1	slf/1508.jpg
392	1	slf/1509.jpg
393	1	slf/1510.jpg
394	1	slf/1517.jpg
395	1	slf/1518.jpg
396	1	slf/1519.jpg
397	1	slf/1520.jpg
398	1	slf/1521.jpg
399	1	slf/1522.jpg
400	1	slf/1524.jpg
401	1	slf/1527.jpg
402	1	slf/1528.jpg
403	1	slf/1529.jpg
404	1	slf/1530.jpg
405	1	slf/1531.jpg
406	1	slf/1532.jpg
407	1	slf/1533.jpg
408	1	slf/1534.jpg
409	1	slf/1535.jpg
410	1	slf/1536.jpg
411	1	slf/1537.jpg
412	1	slf/1538.jpg
413	1	slf/1539.jpg
414	1	slf/154.jpg
415	1	slf/1540.jpg
416	1	slf/1541.jpg
417	1	slf/1544.jpg
418	1	slf/1545.jpg
419	1	slf/1546.jpg
420	1	slf/1547.jpg
421	1	slf/155.jpg
422	1	slf/1552.jpg
423	1	slf/1554.jpg
424	1	slf/156.jpg
425	1	slf/157.jpg
426	1	slf/1577.jpg
427	1	slf/1578.jpg
428	1	slf/158.jpg
429	1	slf/1580.jpg
430	1	slf/1585.jpg
431	1	slf/159.jpg
432	1	slf/1590.jpg
433	1	slf/1591.jpg
434	1	slf/1599.jpg
435	1	slf/16.jpg
436	1	slf/160.jpg
437	1	slf/1606.jpg
438	1	slf/1607.jpg
439	1	slf/1608.jpg
440	1	slf/1609.jpg
441	1	slf/161.jpg
442	1	slf/1610.jpg
443	1	slf/1611.jpg
444	1	slf/1613.jpg
445	1	slf/162.jpg
446	1	slf/1624.jpg
447	1	slf/1625.jpg
448	1	slf/1628.jpg
449	1	slf/1629.jpg
450	1	slf/163.jpg
451	1	slf/1630.jpg
452	1	slf/1631.jpg
453	1	slf/1632.jpg
454	1	slf/1635.jpg
455	1	slf/1636.jpg
456	1	slf/1637.jpg
457	1	slf/1638.jpg
458	1	slf/1639.jpg
459	1	slf/164.jpg
460	1	slf/1640.jpg
461	1	slf/1641.jpg
462	1	slf/1642.jpg
463	1	slf/1643.jpg
464	1	slf/1648.jpg
465	1	slf/165.jpg
466	1	slf/1650.jpg
467	1	slf/1651.jpg
468	1	slf/1652.jpg
469	1	slf/1653.jpg
470	1	slf/1654.jpg
471	1	slf/1655.jpg
472	1	slf/1656.jpg
473	1	slf/1657.jpg
474	1	slf/1658.jpg
475	1	slf/1659.jpg
476	1	slf/166.jpg
477	1	slf/1662.jpg
478	1	slf/1663.jpg
479	1	slf/1664.jpg
480	1	slf/1665.jpg
481	1	slf/1668.jpg
482	1	slf/1669.jpg
483	1	slf/167.jpg
484	1	slf/1670.jpg
485	1	slf/1671.jpg
486	1	slf/1672.jpg
487	1	slf/1673.jpg
488	1	slf/1674.jpg
489	1	slf/1675.jpg
490	1	slf/1676.jpg
491	1	slf/1677.jpg
492	1	slf/1678.jpg
493	1	slf/1679.jpg
494	1	slf/1680.jpg
495	1	slf/1681.jpg
496	1	slf/1682.jpg
497	1	slf/1684.jpg
498	1	slf/1685.jpg
499	1	slf/1686.jpg
500	1	slf/1687.jpg
501	1	slf/1688.jpg
502	1	slf/1689.jpg
503	1	slf/1690.jpg
504	1	slf/1691.jpg
505	1	slf/1692.jpg
506	1	slf/1693.jpg
507	1	slf/1694.jpg
508	1	slf/1695.jpg
509	1	slf/1696.jpg
510	1	slf/1699.jpg
511	1	slf/170.jpg
512	1	slf/1700.jpg
513	1	slf/1702.jpg
514	1	slf/1703.jpg
515	1	slf/1704.jpg
516	1	slf/1705.jpg
517	1	slf/1706.jpg
518	1	slf/1707.jpg
519	1	slf/1708.jpg
520	1	slf/1709.jpg
521	1	slf/171.jpg
522	1	slf/1710.jpg
523	1	slf/1711.jpg
524	1	slf/1712.jpg
525	1	slf/1713.jpg
526	1	slf/1714.jpg
527	1	slf/1715.jpg
528	1	slf/1716.jpg
529	1	slf/1717.jpg
530	1	slf/1718.jpg
531	1	slf/172.jpg
532	1	slf/1720.jpg
533	1	slf/1721.jpg
534	1	slf/1722.jpg
535	1	slf/1723.jpg
536	1	slf/1724.jpg
537	1	slf/1725.jpg
538	1	slf/1726.jpg
539	1	slf/1727.jpg
540	1	slf/1728.jpg
541	1	slf/1729.jpg
542	1	slf/173.jpg
543	1	slf/1730.jpg
544	1	slf/1731.jpg
545	1	slf/1732.jpg
546	1	slf/1733.jpg
547	1	slf/1734.jpg
548	1	slf/1735.jpg
549	1	slf/1736.jpg
550	1	slf/1737.jpg
551	1	slf/1738.jpg
552	1	slf/174.jpg
553	1	slf/1741.jpg
554	1	slf/1742.jpg
555	1	slf/1743.jpg
556	1	slf/1744.jpg
557	1	slf/1745.jpg
558	1	slf/1746.jpg
559	1	slf/1747.jpg
560	1	slf/1748.jpg
561	1	slf/1749.jpg
562	1	slf/175.jpg
563	1	slf/1750.jpg
564	1	slf/1751.jpg
565	1	slf/1752.jpg
566	1	slf/1753.jpg
567	1	slf/1754.jpg
568	1	slf/1755.jpg
569	1	slf/1756.jpg
570	1	slf/1757.jpg
571	1	slf/1758.jpg
572	1	slf/1759.jpg
573	1	slf/176.jpg
574	1	slf/1760.jpg
575	1	slf/1761.jpg
576	1	slf/1762.jpg
577	1	slf/1763.jpg
578	1	slf/1764.jpg
579	1	slf/1765.jpg
580	1	slf/1766.jpg
581	1	slf/1767.jpg
582	1	slf/1768.jpg
583	1	slf/1769.jpg
584	1	slf/177.jpg
585	1	slf/1770.jpg
586	1	slf/1771.jpg
587	1	slf/1772.jpg
588	1	slf/1773.jpg
589	1	slf/1774.jpg
590	1	slf/1775.jpg
591	1	slf/1776.jpg
592	1	slf/1777.jpg
593	1	slf/1778.jpg
594	1	slf/1779.jpg
595	1	slf/178.jpg
596	1	slf/1780.jpg
597	1	slf/1781.jpg
598	1	slf/1782.jpg
599	1	slf/1783.jpg
600	1	slf/1784.jpg
601	1	slf/1785.jpg
602	1	slf/1786.jpg
603	1	slf/1787.jpg
604	1	slf/1790.jpg
605	1	slf/1791.jpg
606	1	slf/1792.jpg
607	1	slf/1793.jpg
608	1	slf/1794.jpg
609	1	slf/1795.jpg
610	1	slf/1796.jpg
611	1	slf/1797.jpg
612	1	slf/1798.jpg
613	1	slf/1801.jpg
614	1	slf/1802.jpg
615	1	slf/1803.jpg
616	1	slf/1804.jpg
617	1	slf/1805.jpg
618	1	slf/1806.jpg
619	1	slf/1807.jpg
620	1	slf/1809.jpg
621	1	slf/181.jpg
622	1	slf/1810.jpg
623	1	slf/1811.jpg
624	1	slf/1812.jpg
625	1	slf/1813.jpg
626	1	slf/1819.jpg
627	1	slf/182.jpg
628	1	slf/1821.jpg
629	1	slf/1822.jpg
630	1	slf/1823.jpg
631	1	slf/1824.jpg
632	1	slf/1825.jpg
633	1	slf/1826.jpg
634	1	slf/1827.jpg
635	1	slf/1828.jpg
636	1	slf/1829.jpg
637	1	slf/183.jpg
638	1	slf/1830.jpg
639	1	slf/1831.jpg
640	1	slf/1832.jpg
641	1	slf/1834.jpg
642	1	slf/1835.jpg
643	1	slf/1836.jpg
644	1	slf/1837.jpg
645	1	slf/1838.jpg
646	1	slf/1839.jpg
647	1	slf/184.jpg
648	1	slf/1840.jpg
649	1	slf/1841.jpg
650	1	slf/1842.jpg
651	1	slf/1843.jpg
652	1	slf/1844.jpg
653	1	slf/1845.jpg
654	1	slf/1846.jpg
655	1	slf/1847.jpg
656	1	slf/1848.jpg
657	1	slf/1849.jpg
658	1	slf/1850.jpg
659	1	slf/1851.jpg
660	1	slf/1852.jpg
661	1	slf/1857.jpg
662	1	slf/1858.jpg
663	1	slf/1859.jpg
664	1	slf/1860.jpg
665	1	slf/1861.jpg
666	1	slf/1862.jpg
667	1	slf/1863.jpg
668	1	slf/1864.jpg
669	1	slf/1865.jpg
670	1	slf/1866.jpg
671	1	slf/1867.jpg
672	1	slf/1868.jpg
673	1	slf/1869.jpg
674	1	slf/187.jpg
675	1	slf/1870.jpg
676	1	slf/1871.jpg
677	1	slf/1872.jpg
678	1	slf/1874.jpg
679	1	slf/1875.jpg
680	1	slf/1876.jpg
681	1	slf/1877.jpg
682	1	slf/1878.jpg
683	1	slf/1879.jpg
684	1	slf/188.jpg
685	1	slf/1880.jpg
686	1	slf/1881.jpg
687	1	slf/1882.jpg
688	1	slf/1883.jpg
689	1	slf/1884.jpg
690	1	slf/1886.jpg
691	1	slf/1887.jpg
692	1	slf/1888.jpg
693	1	slf/1889.jpg
694	1	slf/1890.jpg
695	1	slf/1891.jpg
696	1	slf/1892.jpg
697	1	slf/1895.jpg
698	1	slf/1896.jpg
699	1	slf/1897.jpg
700	1	slf/1898.jpg
701	1	slf/1899.jpg
702	1	slf/190.jpg
703	1	slf/1900.jpg
704	1	slf/1904.jpg
705	1	slf/191.jpg
706	1	slf/1913.jpg
707	1	slf/1914.jpg
708	1	slf/1915.jpg
709	1	slf/1916.jpg
710	1	slf/1917.jpg
711	1	slf/1918.jpg
712	1	slf/1919.jpg
713	1	slf/192.jpg
714	1	slf/1920.jpg
715	1	slf/1921.jpg
716	1	slf/1922.jpg
717	1	slf/1923.jpg
718	1	slf/1924.jpg
719	1	slf/1926.jpg
720	1	slf/1927.jpg
721	1	slf/1928.jpg
722	1	slf/1929.jpg
723	1	slf/1931.jpg
724	1	slf/1932.jpg
725	1	slf/1933.jpg
726	1	slf/1934.jpg
727	1	slf/1935.jpg
728	1	slf/1936.jpg
729	1	slf/1937.jpg
730	1	slf/194.jpg
731	1	slf/1941.jpg
732	1	slf/1942.jpg
733	1	slf/1943.jpg
734	1	slf/1944.jpg
735	1	slf/1945.jpg
736	1	slf/1946.jpg
737	1	slf/1947.jpg
738	1	slf/1948.jpg
739	1	slf/1949.jpg
740	1	slf/1950.jpg
741	1	slf/1951.jpg
742	1	slf/1952.jpg
743	1	slf/1953.jpg
744	1	slf/1954.jpg
745	1	slf/1960.jpg
746	1	slf/1961.jpg
747	1	slf/1962.jpg
748	1	slf/1963.jpg
749	1	slf/1964.jpg
750	1	slf/1965.jpg
751	1	slf/1966.jpg
752	1	slf/1969.jpg
753	1	slf/1970.jpg
754	1	slf/1974.jpg
755	1	slf/1975.jpg
756	1	slf/1976.jpg
757	1	slf/1977.jpg
758	1	slf/1978.jpg
759	1	slf/1979.jpg
760	1	slf/198.jpg
761	1	slf/1980.jpg
762	1	slf/1981.jpg
763	1	slf/1982.jpg
764	1	slf/1983.jpg
765	1	slf/1984.jpg
766	1	slf/1985.jpg
767	1	slf/1986.jpg
768	1	slf/1987.jpg
769	1	slf/1990.jpg
770	1	slf/1993.jpg
771	1	slf/1994.jpg
772	1	slf/1996.jpg
773	1	slf/2000.jpg
774	1	slf/2002.jpg
775	1	slf/2008.jpg
776	1	slf/201.jpg
777	1	slf/2010.jpg
778	1	slf/2011.jpg
779	1	slf/2012.jpg
780	1	slf/2017.jpg
781	1	slf/2018.jpg
782	1	slf/202.jpg
783	1	slf/2022.jpg
784	1	slf/2023.jpg
785	1	slf/2031.jpg
786	1	slf/2032.jpg
787	1	slf/2033.jpg
788	1	slf/2034.jpg
789	1	slf/2035.jpg
790	1	slf/2036.jpg
791	1	slf/204.jpg
792	1	slf/2049.jpg
793	1	slf/205.jpg
794	1	slf/2050.jpg
795	1	slf/2055.jpg
796	1	slf/2057.jpg
797	1	slf/2061.jpg
798	1	slf/2064.jpg
799	1	slf/2065.jpg
800	1	slf/2069.jpg
801	1	slf/207.jpg
802	1	slf/2071.jpg
803	1	slf/2072.jpg
804	1	slf/2077.jpg
805	1	slf/208.jpg
806	1	slf/211.jpg
807	1	slf/212.jpg
808	1	slf/214.jpg
809	1	slf/215.jpg
810	1	slf/216.jpg
811	1	slf/220.jpg
812	1	slf/221.jpg
813	1	slf/223.jpg
814	1	slf/224.jpg
815	1	slf/225.jpg
816	1	slf/226.jpg
817	1	slf/227.jpg
818	1	slf/228.jpg
819	1	slf/229.jpg
820	1	slf/23.jpg
821	1	slf/231.jpg
822	1	slf/232.jpg
823	1	slf/236.jpg
824	1	slf/238.jpg
825	1	slf/239.jpg
826	1	slf/24.jpg
827	1	slf/240.jpg
828	1	slf/241.jpg
829	1	slf/242.jpg
830	1	slf/243.jpg
831	1	slf/249.jpg
832	1	slf/25.jpg
833	1	slf/252.jpg
834	1	slf/254.jpg
835	1	slf/255.jpg
836	1	slf/257.jpg
837	1	slf/26.jpg
838	1	slf/262.jpg
839	1	slf/264.jpg
840	1	slf/266.jpg
841	1	slf/268.jpg
842	1	slf/27.jpg
843	1	slf/271.jpg
844	1	slf/272.jpg
845	1	slf/273.jpg
846	1	slf/274.jpg
847	1	slf/277.jpg
848	1	slf/278.jpg
849	1	slf/279.jpg
850	1	slf/28.jpg
851	1	slf/281.jpg
852	1	slf/282.jpg
853	1	slf/284.jpg
854	1	slf/285.jpg
855	1	slf/286.jpg
856	1	slf/287.jpg
857	1	slf/288.jpg
858	1	slf/29.jpg
859	1	slf/291.jpg
860	1	slf/292.jpg
861	1	slf/293.jpg
862	1	slf/294.jpg
863	1	slf/295.jpg
864	1	slf/296.jpg
865	1	slf/297.jpg
866	1	slf/298.jpg
867	1	slf/299.jpg
868	1	slf/30.jpg
869	1	slf/300.jpg
870	1	slf/301.jpg
871	1	slf/302.jpg
872	1	slf/304.jpg
873	1	slf/305.jpg
874	1	slf/309.jpg
875	1	slf/310.jpg
876	1	slf/311.jpg
877	1	slf/312.jpg
878	1	slf/313.jpg
879	1	slf/314.jpg
880	1	slf/315.jpg
881	1	slf/316.jpg
882	1	slf/317.jpg
883	1	slf/319.jpg
884	1	slf/32.jpg
885	1	slf/321.jpg
886	1	slf/322.jpg
887	1	slf/323.jpg
888	1	slf/328.jpg
889	1	slf/329.jpg
890	1	slf/33.jpg
891	1	slf/330.jpg
892	1	slf/331.jpg
893	1	slf/332.jpg
894	1	slf/333.jpg
895	1	slf/334.jpg
896	1	slf/335.jpg
897	1	slf/336.jpg
898	1	slf/337.jpg
899	1	slf/338.jpg
900	1	slf/339.jpg
901	1	slf/34.jpg
902	1	slf/340.jpg
903	1	slf/341.jpg
904	1	slf/342.jpg
905	1	slf/343.jpg
906	1	slf/344.jpg
907	1	slf/345.jpg
908	1	slf/346.jpg
909	1	slf/347.jpg
910	1	slf/348.jpg
911	1	slf/349.jpg
912	1	slf/35.jpg
913	1	slf/350.jpg
914	1	slf/351.jpg
915	1	slf/352.jpg
916	1	slf/353.jpg
917	1	slf/354.jpg
918	1	slf/355.jpg
919	1	slf/356.jpg
920	1	slf/361.jpg
921	1	slf/363.jpg
922	1	slf/364.jpg
923	1	slf/365.jpg
924	1	slf/366.jpg
925	1	slf/368.jpg
926	1	slf/369.jpg
927	1	slf/37.jpg
928	1	slf/370.jpg
929	1	slf/371.jpg
930	1	slf/372.jpg
931	1	slf/373.jpg
932	1	slf/374.jpg
933	1	slf/375.jpg
934	1	slf/376.jpg
935	1	slf/377.jpg
936	1	slf/378.jpg
937	1	slf/379.jpg
938	1	slf/380.jpg
939	1	slf/381.jpg
940	1	slf/382.jpg
941	1	slf/385.jpg
942	1	slf/386.jpg
943	1	slf/387.jpg
944	1	slf/388.jpg
945	1	slf/389.jpg
946	1	slf/392.jpg
947	1	slf/393.jpg
948	1	slf/394.jpg
949	1	slf/397.jpg
950	1	slf/40.jpg
951	1	slf/404.jpg
952	1	slf/408.jpg
953	1	slf/409.jpg
954	1	slf/41.jpg
955	1	slf/412.jpg
956	1	slf/413.jpg
957	1	slf/418.jpg
958	1	slf/419.jpg
959	1	slf/42.jpg
960	1	slf/427.jpg
961	1	slf/428.jpg
962	1	slf/429.jpg
963	1	slf/43.jpg
964	1	slf/430.jpg
965	1	slf/431.jpg
966	1	slf/433.jpg
967	1	slf/434.jpg
968	1	slf/435.jpg
969	1	slf/436.jpg
970	1	slf/437.jpg
971	1	slf/44.jpg
972	1	slf/442.jpg
973	1	slf/443.jpg
974	1	slf/456.jpg
975	1	slf/457.jpg
976	1	slf/460.jpg
977	1	slf/461.jpg
978	1	slf/462.jpg
979	1	slf/463.jpg
980	1	slf/467.jpg
981	1	slf/468.jpg
982	1	slf/477.jpg
983	1	slf/478.jpg
984	1	slf/485.jpg
985	1	slf/487.jpg
986	1	slf/488.jpg
987	1	slf/489.jpg
988	1	slf/490.jpg
989	1	slf/495.jpg
990	1	slf/496.jpg
991	1	slf/497.jpg
992	1	slf/50.jpg
993	1	slf/502.jpg
994	1	slf/503.jpg
995	1	slf/505.jpg
996	1	slf/506.jpg
997	1	slf/507.jpg
998	1	slf/508.jpg
999	1	slf/51.jpg
1000	1	slf/510.jpg
1001	1	slf/511.jpg
1002	1	slf/512.jpg
1003	1	slf/513.jpg
1004	1	slf/514.jpg
1005	1	slf/515.jpg
1006	1	slf/516.jpg
1007	1	slf/517.jpg
1008	1	slf/518.jpg
1009	1	slf/519.jpg
1010	1	slf/52.jpg
1011	1	slf/520.jpg
1012	1	slf/521.jpg
1013	1	slf/522.jpg
1014	1	slf/523.jpg
1015	1	slf/524.jpg
1016	1	slf/525.jpg
1017	1	slf/526.jpg
1018	1	slf/527.jpg
1019	1	slf/528.jpg
1020	1	slf/529.jpg
1021	1	slf/530.jpg
1022	1	slf/531.jpg
1023	1	slf/532.jpg
1024	1	slf/533.jpg
1025	1	slf/536.jpg
1026	1	slf/537.jpg
1027	1	slf/538.jpg
1028	1	slf/539.jpg
1029	1	slf/540.jpg
1030	1	slf/541.jpg
1031	1	slf/543.jpg
1032	1	slf/544.jpg
1033	1	slf/545.jpg
1034	1	slf/548.jpg
1035	1	slf/549.jpg
1036	1	slf/550.jpg
1037	1	slf/551.jpg
1038	1	slf/552.jpg
1039	1	slf/553.jpg
1040	1	slf/554.jpg
1041	1	slf/555.jpg
1042	1	slf/563.jpg
1043	1	slf/564.jpg
1044	1	slf/566.jpg
1045	1	slf/567.jpg
1046	1	slf/572.jpg
1047	1	slf/588.jpg
1048	1	slf/589.jpg
1049	1	slf/590.jpg
1050	1	slf/591.jpg
1051	1	slf/592.jpg
1052	1	slf/593.jpg
1053	1	slf/594.jpg
1054	1	slf/595.jpg
1055	1	slf/596.jpg
1056	1	slf/598.jpg
1057	1	slf/599.jpg
1058	1	slf/600.jpg
1059	1	slf/601.jpg
1060	1	slf/602.jpg
1061	1	slf/603.jpg
1062	1	slf/606.jpg
1063	1	slf/61.jpg
1064	1	slf/610.jpg
1065	1	slf/612.jpg
1066	1	slf/615.jpg
1067	1	slf/616.jpg
1068	1	slf/62.jpg
1069	1	slf/620.jpg
1070	1	slf/621.jpg
1071	1	slf/622.jpg
1072	1	slf/623.jpg
1073	1	slf/626.jpg
1074	1	slf/627.jpg
1075	1	slf/632.jpg
1076	1	slf/633.jpg
1077	1	slf/634.jpg
1078	1	slf/635.jpg
1079	1	slf/636.jpg
1080	1	slf/637.jpg
1081	1	slf/638.jpg
1082	1	slf/639.jpg
1083	1	slf/64.jpg
1084	1	slf/640.jpg
1085	1	slf/642.jpg
1086	1	slf/643.jpg
1087	1	slf/644.jpg
1088	1	slf/645.jpg
1089	1	slf/646.jpg
1090	1	slf/647.jpg
1091	1	slf/648.jpg
1092	1	slf/649.jpg
1093	1	slf/650.jpg
1094	1	slf/651.jpg
1095	1	slf/652.jpg
1096	1	slf/653.jpg
1097	1	slf/654.jpg
1098	1	slf/655.jpg
1099	1	slf/656.jpg
1100	1	slf/657.jpg
1101	1	slf/660.jpg
1102	1	slf/661.jpg
1103	1	slf/662.jpg
1104	1	slf/663.jpg
1105	1	slf/664.jpg
1106	1	slf/665.jpg
1107	1	slf/666.jpg
1108	1	slf/667.jpg
1109	1	slf/668.jpg
1110	1	slf/669.jpg
1111	1	slf/67.jpg
1112	1	slf/670.jpg
1113	1	slf/671.jpg
1114	1	slf/68.jpg
1115	1	slf/686.jpg
1116	1	slf/687.jpg
1117	1	slf/688.jpg
1118	1	slf/689.jpg
1119	1	slf/690.jpg
1120	1	slf/693.jpg
1121	1	slf/694.jpg
1122	1	slf/695.jpg
1123	1	slf/70.jpg
1124	1	slf/704.jpg
1125	1	slf/705.jpg
1126	1	slf/706.jpg
1127	1	slf/707.jpg
1128	1	slf/709.jpg
1129	1	slf/71.jpg
1130	1	slf/713.jpg
1131	1	slf/714.jpg
1132	1	slf/715.jpg
1133	1	slf/716.jpg
1134	1	slf/717.jpg
1135	1	slf/718.jpg
1136	1	slf/719.jpg
1137	1	slf/72.jpg
1138	1	slf/720.jpg
1139	1	slf/721.jpg
1140	1	slf/722.jpg
1141	1	slf/724.jpg
1142	1	slf/725.jpg
1143	1	slf/73.jpg
1144	1	slf/730.jpg
1145	1	slf/731.jpg
1146	1	slf/732.jpg
1147	1	slf/733.jpg
1148	1	slf/734.jpg
1149	1	slf/735.jpg
1150	1	slf/736.jpg
1151	1	slf/737.jpg
1152	1	slf/738.jpg
1153	1	slf/739.jpg
1154	1	slf/74.jpg
1155	1	slf/744.jpg
1156	1	slf/745.jpg
1157	1	slf/746.jpg
1158	1	slf/747.jpg
1159	1	slf/748.jpg
1160	1	slf/749.jpg
1161	1	slf/75.jpg
1162	1	slf/751.jpg
1163	1	slf/752.jpg
1164	1	slf/753.jpg
1165	1	slf/754.jpg
1166	1	slf/758.jpg
1167	1	slf/759.jpg
1168	1	slf/768.jpg
1169	1	slf/769.jpg
1170	1	slf/770.jpg
1171	1	slf/776.jpg
1172	1	slf/777.jpg
1173	1	slf/778.jpg
1174	1	slf/779.jpg
1175	1	slf/781.jpg
1176	1	slf/782.jpg
1177	1	slf/785.jpg
1178	1	slf/786.jpg
1179	1	slf/797.jpg
1180	1	slf/798.jpg
1181	1	slf/799.jpg
1182	1	slf/8.jpg
1183	1	slf/800.jpg
1184	1	slf/801.jpg
1185	1	slf/802.jpg
1186	1	slf/803.jpg
1187	1	slf/804.jpg
1188	1	slf/805.jpg
1189	1	slf/806.jpg
1190	1	slf/809.jpg
1191	1	slf/810.jpg
1192	1	slf/811.jpg
1193	1	slf/812.jpg
1194	1	slf/815.jpg
1195	1	slf/816.jpg
1196	1	slf/817.jpg
1197	1	slf/818.jpg
1198	1	slf/819.jpg
1199	1	slf/82.jpg
1200	1	slf/820.jpg
1201	1	slf/823.jpg
1202	1	slf/824.jpg
1203	1	slf/826.jpg
1204	1	slf/827.jpg
1205	1	slf/828.jpg
1206	1	slf/829.jpg
1207	1	slf/83.jpg
1208	1	slf/830.jpg
1209	1	slf/831.jpg
1210	1	slf/832.jpg
1211	1	slf/833.jpg
1212	1	slf/834.jpg
1213	1	slf/835.jpg
1214	1	slf/836.jpg
1215	1	slf/837.jpg
1216	1	slf/84.jpg
1217	1	slf/840.jpg
1218	1	slf/841.jpg
1219	1	slf/842.jpg
1220	1	slf/847.jpg
1221	1	slf/848.jpg
1222	1	slf/85.jpg
1223	1	slf/850.jpg
1224	1	slf/852.jpg
1225	1	slf/853.jpg
1226	1	slf/856.jpg
1227	1	slf/857.jpg
1228	1	slf/858.jpg
1229	1	slf/859.jpg
1230	1	slf/86.jpg
1231	1	slf/860.jpg
1232	1	slf/861.jpg
1233	1	slf/862.jpg
1234	1	slf/863.jpg
1235	1	slf/864.jpg
1236	1	slf/865.jpg
1237	1	slf/866.jpg
1238	1	slf/867.jpg
1239	1	slf/868.jpg
1240	1	slf/869.jpg
1241	1	slf/870.jpg
1242	1	slf/871.jpg
1243	1	slf/872.jpg
1244	1	slf/875.jpg
1245	1	slf/876.jpg
1246	1	slf/877.jpg
1247	1	slf/878.jpg
1248	1	slf/880.jpg
1249	1	slf/881.jpg
1250	1	slf/882.jpg
1251	1	slf/883.jpg
1252	1	slf/890.jpg
1253	1	slf/891.jpg
1254	1	slf/892.jpg
1255	1	slf/893.jpg
1256	1	slf/894.jpg
1257	1	slf/895.jpg
1258	1	slf/896.jpg
1259	1	slf/897.jpg
1260	1	slf/899.jpg
1261	1	slf/9.jpg
1262	1	slf/900.jpg
1263	1	slf/902.jpg
1264	1	slf/903.jpg
1265	1	slf/904.jpg
1266	1	slf/905.jpg
1267	1	slf/906.jpg
1268	1	slf/907.jpg
1269	1	slf/908.jpg
1270	1	slf/909.jpg
1271	1	slf/910.jpg
1272	1	slf/911.jpg
1273	1	slf/912.jpg
1274	1	slf/913.jpg
1275	1	slf/914.jpg
1276	1	slf/915.jpg
1277	1	slf/917.jpg
1278	1	slf/919.jpg
1279	1	slf/921.jpg
1280	1	slf/922.jpg
1281	1	slf/923.jpg
1282	1	slf/924.jpg
1283	1	slf/925.jpg
1284	1	slf/926.jpg
1285	1	slf/927.jpg
1286	1	slf/928.jpg
1287	1	slf/929.jpg
1288	1	slf/930.jpg
1289	1	slf/931.jpg
1290	1	slf/932.jpg
1291	1	slf/935.jpg
1292	1	slf/936.jpg
1293	1	slf/937.jpg
1294	1	slf/942.jpg
1295	1	slf/943.jpg
1296	1	slf/948.jpg
1297	1	slf/949.jpg
1298	1	slf/95.jpg
1299	1	slf/950.jpg
1300	1	slf/951.jpg
1301	1	slf/954.jpg
1302	1	slf/955.jpg
1303	1	slf/956.jpg
1304	1	slf/957.jpg
1305	1	slf/958.jpg
1306	1	slf/959.jpg
1307	1	slf/96.jpg
1308	1	slf/960.jpg
1309	1	slf/961.jpg
1310	1	slf/962.jpg
1311	1	slf/963.jpg
1312	1	slf/964.jpg
1313	1	slf/965.jpg
1314	1	slf/966.jpg
1315	1	slf/967.jpg
1316	1	slf/968.jpg
1317	1	slf/969.jpg
1318	1	slf/972.jpg
1319	1	slf/973.jpg
1320	1	slf/974.jpg
1321	1	slf/975.jpg
1322	1	slf/976.jpg
1323	1	slf/977.jpg
1324	1	slf/978.jpg
1325	1	slf/979.jpg
1326	1	slf/980.jpg
1327	1	slf/981.jpg
1328	1	slf/982.jpg
1329	1	slf/983.jpg
1330	1	slf/986.jpg
1331	1	slf/987.jpg
1332	1	slf/988.jpg
1333	1	slf/989.jpg
1334	1	slf/990.jpg
1335	1	slf/992.jpg
1336	1	slf/994.jpg
1337	1	slf/995.jpg
1338	1	slf/996.jpg
1339	0	not-slf/2202.jpg
1340	0	not-slf/2203.jpg
1341	0	not-slf/2204.jpg
1342	0	not-slf/2205.jpg
1343	0	not-slf/2206.jpg
1344	0	not-slf/2207.jpg
1345	0	not-slf/2208.jpg
1346	0	not-slf/2209.jpg
1347	0	not-slf/221.jpg
1348	0	not-slf/2210.jpg
1349	0	not-slf/2211.jpg
1350	0	not-slf/2212.jpg
1351	0	not-slf/2213.jpg
1352	0	not-slf/2214.jpg
1353	0	not-slf/2215.jpg
1354	0	not-slf/2216.jpg
1355	0	not-slf/2217.jpg
1356	0	not-slf/2218.jpg
1357	0	not-slf/2219.jpg
1358	0	not-slf/222.jpg
1359	0	not-slf/2220.jpg
1360	0	not-slf/2221.jpg
1361	0	not-slf/2222.jpg
1362	0	not-slf/2223.jpg
1363	0	not-slf/2224.jpg
1364	0	not-slf/2225.jpg
1365	0	not-slf/2226.jpg
1366	0	not-slf/2227.jpg
1367	0	not-slf/2228.jpg
1368	0	not-slf/2229.jpg
1369	0	not-slf/223.jpg
1370	0	not-slf/2230.jpg
1371	0	not-slf/2231.jpg
1372	0	not-slf/2232.jpg
1373	0	not-slf/2233.jpg
1374	0	not-slf/2234.jpg
1375	0	not-slf/2235.jpg
1376	0	not-slf/2236.jpg
1377	0	not-slf/2237.jpg
1378	0	not-slf/2238.jpg
1379	0	not-slf/2239.jpg
1380	0	not-slf/224.jpg
1381	0	not-slf/2240.jpg
1382	0	not-slf/2241.jpg
1383	0	not-slf/2242.jpg
1384	0	not-slf/2243.jpg
1385	0	not-slf/2244.jpg
1386	0	not-slf/2245.jpg
1387	0	not-slf/2246.jpg
1388	0	not-slf/2247.jpg
1389	0	not-slf/2248.jpg
1390	0	not-slf/2249.jpg
1391	0	not-slf/225.jpg
1392	0	not-slf/2250.jpg
1393	0	not-slf/2251.jpg
1394	0	not-slf/2252.jpg
1395	0	not-slf/2253.jpg
1396	0	not-slf/2254.jpg
1397	0	not-slf/2255.jpg
1398	0	not-slf/2256.jpg
1399	0	not-slf/2257.jpg
1400	0	not-slf/2258.jpg
1401	0	not-slf/2259.jpg
1402	0	not-slf/226.jpg
1403	0	not-slf/2260.jpg
1404	0	not-slf/2261.jpg
1405	0	not-slf/2262.jpg
1406	0	not-slf/2263.jpg
1407	0	not-slf/2264.jpg
1408	0	not-slf/2265.jpg
1409	0	not-slf/2266.jpg
1410	0	not-slf/2267.jpg
1411	0	not-slf/2268.jpg
1412	0	not-slf/2269.jpg
1413	0	not-slf/227.jpg
1414	0	not-slf/2270.jpg
1415	0	not-slf/2271.jpg
1416	0	not-slf/2272.jpg
1417	0	not-slf/2273.jpg
1418	0	not-slf/2274.jpg
1419	0	not-slf/2275.jpg
1420	0	not-slf/2276.jpg
1421	0	not-slf/2277.jpg
1422	0	not-slf/2278.jpg
1423	0	not-slf/2279.jpg
1424	0	not-slf/228.jpg
1425	0	not-slf/2280.jpg
1426	0	not-slf/2281.jpg
1427	0	not-slf/2282.jpg
1428	0	not-slf/2283.jpg
1429	0	not-slf/2284.jpg
1430	0	not-slf/2285.jpg
1431	0	not-slf/2286.jpg
1432	0	not-slf/2287.jpg
1433	0	not-slf/2288.jpg
1434	0	not-slf/2289.jpg
1435	0	not-slf/229.jpg
1436	0	not-slf/2290.jpg
1437	0	not-slf/2291.jpg
1438	0	not-slf/2292.jpg
1439	0	not-slf/2293.jpg
1440	0	not-slf/2294.jpg
1441	0	not-slf/2295.jpg
1442	0	not-slf/2296.jpg
1443	0	not-slf/2297.jpg
1444	0	not-slf/2298.jpg
1445	0	not-slf/2299.jpg
1446	0	not-slf/23.jpg
1447	0	not-slf/230.jpg
1448	0	not-slf/2300.jpg
1449	0	not-slf/2301.jpg
1450	0	not-slf/2302.jpg
1451	0	not-slf/2303.jpg
1452	0	not-slf/2304.jpg
1453	0	not-slf/2305.jpg
1454	0	not-slf/2306.jpg
1455	0	not-slf/2307.jpg
1456	0	not-slf/2308.jpg
1457	0	not-slf/2309.jpg
1458	0	not-slf/231.jpg
1459	0	not-slf/2310.jpg
1460	0	not-slf/2311.jpg
1461	0	not-slf/2312.jpg
1462	0	not-slf/2313.jpg
1463	0	not-slf/2314.jpg
1464	0	not-slf/2315.jpg
1465	0	not-slf/2316.jpg
1466	0	not-slf/2317.jpg
1467	0	not-slf/2318.jpg
1468	0	not-slf/2319.jpg
1469	0	not-slf/232.jpg
1470	0	not-slf/2320.jpg
1471	0	not-slf/2321.jpg
1472	0	not-slf/2322.jpg
1473	0	not-slf/2323.jpg
1474	0	not-slf/2324.jpg
1475	0	not-slf/2325.jpg
1476	0	not-slf/2326.jpg
1477	0	not-slf/2327.jpg
1478	0	not-slf/2328.jpg
1479	0	not-slf/2329.jpg
1480	0	not-slf/233.jpg
1481	0	not-slf/2330.jpg
1482	0	not-slf/2331.jpg
1483	0	not-slf/2332.jpg
1484	0	not-slf/2333.jpg
1485	0	not-slf/2334.jpg
1486	0	not-slf/2335.jpg
1487	0	not-slf/2336.jpg
1488	0	not-slf/2337.jpg
1489	0	not-slf/2338.jpg
1490	0	not-slf/2339.jpg
1491	0	not-slf/234.jpg
1492	0	not-slf/2340.jpg
1493	0	not-slf/2341.jpg
1494	0	not-slf/2342.jpg
1495	0	not-slf/2343.jpg
1496	0	not-slf/2344.jpg
1497	0	not-slf/2345.jpg
1498	0	not-slf/2346.jpg
1499	0	not-slf/2347.jpg
1500	0	not-slf/2348.jpg
1501	0	not-slf/2349.jpg
1502	0	not-slf/235.jpg
1503	0	not-slf/2350.jpg
1504	0	not-slf/2351.jpg
1505	0	not-slf/2352.jpg
1506	0	not-slf/2353.jpg
1507	0	not-slf/2354.jpg
1508	0	not-slf/2355.jpg
1509	0	not-slf/2356.jpg
1510	0	not-slf/2357.jpg
1511	0	not-slf/2358.jpg
1512	0	not-slf/2359.jpg
1513	0	not-slf/236.jpg
1514	0	not-slf/2360.jpg
1515	0	not-slf/2361.jpg
1516	0	not-slf/2362.jpg
1517	0	not-slf/2363.jpg
1518	0	not-slf/2364.jpg
1519	0	not-slf/2365.jpg
1520	0	not-slf/2366.jpg
1521	0	not-slf/2367.jpg
1522	0	not-slf/2368.jpg
1523	0	not-slf/2369.jpg
1524	0	not-slf/237.jpg
1525	0	not-slf/2370.jpg
1526	0	not-slf/2371.jpg
1527	0	not-slf/2372.jpg
1528	0	not-slf/2373.jpg
1529	0	not-slf/2374.jpg
1530	0	not-slf/2375.jpg
1531	0	not-slf/2376.jpg
1532	0	not-slf/2377.jpg
1533	0	not-slf/2378.jpg
1534	0	not-slf/2379.jpg
1535	0	not-slf/238.jpg
1536	0	not-slf/2380.jpg
1537	0	not-slf/2381.jpg
1538	0	not-slf/2382.jpg
1539	0	not-slf/2383.jpg
1540	0	not-slf/2384.jpg
1541	0	not-slf/2385.jpg
1542	0	not-slf/2386.jpg
1543	0	not-slf/2387.jpg
1544	0	not-slf/2388.jpg
1545	0	not-slf/2389.jpg
1546	0	not-slf/239.jpg
1547	0	not-slf/2390.jpg
1548	0	not-slf/2391.jpg
1549	0	not-slf/2392.jpg
1550	0	not-slf/2393.jpg
1551	0	not-slf/2394.jpg
1552	0	not-slf/2395.jpg
1553	0	not-slf/2396.jpg
1554	0	not-slf/2397.jpg
1555	0	not-slf/2398.jpg
1556	0	not-slf/2399.jpg
1557	0	not-slf/24.jpg
1558	0	not-slf/240.jpg
1559	0	not-slf/2400.jpg
1560	0	not-slf/2401.jpg
1561	0	not-slf/2402.jpg
1562	0	not-slf/2403.jpg
1563	0	not-slf/2404.jpg
1564	0	not-slf/2405.jpg
1565	0	not-slf/2406.jpg
1566	0	not-slf/2407.jpg
1567	0	not-slf/2408.jpg
1568	0	not-slf/2409.jpg
1569	0	not-slf/241.jpg
1570	0	not-slf/2410.jpg
1571	0	not-slf/2411.jpg
1572	0	not-slf/2412.jpg
1573	0	not-slf/2413.jpg
1574	0	not-slf/2414.jpg
1575	0	not-slf/2415.jpg
1576	0	not-slf/2416.jpg
1577	0	not-slf/2417.jpg
1578	0	not-slf/2418.jpg
1579	0	not-slf/2419.jpg
1580	0	not-slf/242.jpg
1581	0	not-slf/2420.jpg
1582	0	not-slf/2421.jpg
1583	0	not-slf/2422.jpg
1584	0	not-slf/2423.jpg
1585	0	not-slf/2424.jpg
1586	0	not-slf/2425.jpg
1587	0	not-slf/2426.jpg
1588	0	not-slf/2427.jpg
1589	0	not-slf/2428.jpg
1590	0	not-slf/2429.jpg
1591	0	not-slf/243.jpg
1592	0	not-slf/2430.jpg
1593	0	not-slf/2431.jpg
1594	0	not-slf/2432.jpg
1595	0	not-slf/2433.jpg
1596	0	not-slf/2434.jpg
1597	0	not-slf/2435.jpg
1598	0	not-slf/2436.jpg
1599	0	not-slf/2437.jpg
1600	0	not-slf/2438.jpg
1601	0	not-slf/2439.jpg
1602	0	not-slf/244.jpg
1603	0	not-slf/2440.jpg
1604	0	not-slf/2441.jpg
1605	0	not-slf/2442.jpg
1606	0	not-slf/2443.jpg
1607	0	not-slf/2444.jpg
1608	0	not-slf/2445.jpg
1609	0	not-slf/2446.jpg
1610	0	not-slf/2447.jpg
1611	0	not-slf/2448.jpg
1612	0	not-slf/2449.jpg
1613	0	not-slf/245.jpg
1614	0	not-slf/2450.jpg
1615	0	not-slf/2451.jpg
1616	0	not-slf/2452.jpg
1617	0	not-slf/2453.jpg
1618	0	not-slf/2454.jpg
1619	0	not-slf/2455.jpg
1620	0	not-slf/2456.jpg
1621	0	not-slf/2457.jpg
1622	0	not-slf/2458.jpg
1623	0	not-slf/2459.jpg
1624	0	not-slf/246.jpg
1625	0	not-slf/2460.jpg
1626	0	not-slf/2461.jpg
1627	0	not-slf/2462.jpg
1628	0	not-slf/2463.jpg
1629	0	not-slf/2464.jpg
1630	0	not-slf/2465.jpg
1631	0	not-slf/2466.jpg
1632	0	not-slf/2467.jpg
1633	0	not-slf/2468.jpg
1634	0	not-slf/2469.jpg
1635	0	not-slf/247.jpg
1636	0	not-slf/2470.jpg
1637	0	not-slf/2471.jpg
1638	0	not-slf/2472.jpg
1639	0	not-slf/2473.jpg
1640	0	not-slf/2474.jpg
1641	0	not-slf/2475.jpg
1642	0	not-slf/2476.jpg
1643	0	not-slf/2477.jpg
1644	0	not-slf/2478.jpg
1645	0	not-slf/2479.jpg
1646	0	not-slf/248.jpg
1647	0	not-slf/2480.jpg
1648	0	not-slf/2481.jpg
1649	0	not-slf/2482.jpg
1650	0	not-slf/2483.jpg
1651	0	not-slf/2484.jpg
1652	0	not-slf/2485.jpg
1653	0	not-slf/2486.jpg
1654	0	not-slf/2487.jpg
1655	0	not-slf/2488.jpg
1656	0	not-slf/2489.jpg
1657	0	not-slf/249.jpg
1658	0	not-slf/2490.jpg
1659	0	not-slf/2491.jpg
1660	0	not-slf/2492.jpg
1661	0	not-slf/2493.jpg
1662	0	not-slf/2494.jpg
1663	0	not-slf/2495.jpg
1664	0	not-slf/2496.jpg
1665	0	not-slf/2497.jpg
1666	0	not-slf/2498.jpg
1667	0	not-slf/2499.jpg
1668	0	not-slf/25.jpg
1669	0	not-slf/250.jpg
1670	0	not-slf/2500.jpg
1671	0	not-slf/2501.jpg
1672	0	not-slf/2502.jpg
1673	0	not-slf/2503.jpg
1674	0	not-slf/2504.jpg
1675	0	not-slf/2505.jpg
1676	0	not-slf/2506.jpg
1677	0	not-slf/2507.jpg
1678	0	not-slf/2508.jpg
1679	0	not-slf/2509.jpg
1680	0	not-slf/251.jpg
1681	0	not-slf/2510.jpg
1682	0	not-slf/2511.jpg
1683	0	not-slf/2512.jpg
1684	0	not-slf/2513.jpg
1685	0	not-slf/2514.jpg
1686	0	not-slf/2515.jpg
1687	0	not-slf/2516.jpg
1688	0	not-slf/2517.jpg
1689	0	not-slf/2518.jpg
1690	0	not-slf/2519.jpg
1691	0	not-slf/252.jpg
1692	0	not-slf/2520.jpg
1693	0	not-slf/2521.jpg
1694	0	not-slf/2522.jpg
1695	0	not-slf/2523.jpg
1696	0	not-slf/2524.jpg
1697	0	not-slf/2525.jpg
1698	0	not-slf/2526.jpg
1699	0	not-slf/2527.jpg
1700	0	not-slf/2528.jpg
1701	0	not-slf/2529.jpg
1702	0	not-slf/253.jpg
1703	0	not-slf/2530.jpg
1704	0	not-slf/2531.jpg
1705	0	not-slf/2532.jpg
1706	0	not-slf/2533.jpg
1707	0	not-slf/2534.jpg
1708	0	not-slf/2535.jpg
1709	0	not-slf/2536.jpg
1710	0	not-slf/2537.jpg
1711	0	not-slf/2538.jpg
1712	0	not-slf/2539.jpg
1713	0	not-slf/254.jpg
1714	0	not-slf/2540.jpg
1715	0	not-slf/2541.jpg
1716	0	not-slf/2542.jpg
1717	0	not-slf/2543.jpg
1718	0	not-slf/2544.jpg
1719	0	not-slf/2545.jpg
1720	0	not-slf/2546.jpg
1721	0	not-slf/2547.jpg
1722	0	not-slf/2548.jpg
1723	0	not-slf/2549.jpg
1724	0	not-slf/255.jpg
1725	0	not-slf/2550.jpg
1726	0	not-slf/2551.jpg
1727	0	not-slf/2552.jpg
1728	0	not-slf/2553.jpg
1729	0	not-slf/2554.jpg
1730	0	not-slf/2555.jpg
1731	0	not-slf/2556.jpg
1732	0	not-slf/2557.jpg
1733	0	not-slf/2558.jpg
1734	0	not-slf/2559.jpg
1735	0	not-slf/256.jpg
1736	0	not-slf/2560.jpg
1737	0	not-slf/2561.jpg
1738	0	not-slf/2562.jpg
1739	0	not-slf/2563.jpg
1740	0	not-slf/2564.jpg
1741	0	not-slf/2565.jpg
1742	0	not-slf/2566.jpg
1743	0	not-slf/2567.jpg
1744	0	not-slf/2568.jpg
1745	0	not-slf/2569.jpg
1746	0	not-slf/257.jpg
1747	0	not-slf/2570.jpg
1748	0	not-slf/2571.jpg
1749	0	not-slf/2572.jpg
1750	0	not-slf/2573.jpg
1751	0	not-slf/2574.jpg
1752	0	not-slf/2575.jpg
1753	0	not-slf/2576.jpg
1754	0	not-slf/2577.jpg
1755	0	not-slf/2578.jpg
1756	0	not-slf/2579.jpg
1757	0	not-slf/258.jpg
1758	0	not-slf/2580.jpg
1759	0	not-slf/2581.jpg
1760	0	not-slf/2582.jpg
1761	0	not-slf/2583.jpg
1762	0	not-slf/2584.jpg
1763	0	not-slf/2585.jpg
1764	0	not-slf/2586.jpg
1765	0	not-slf/2587.jpg
1766	0	not-slf/2588.jpg
1767	0	not-slf/2589.jpg
1768	0	not-slf/259.jpg
1769	0	not-slf/2590.jpg
1770	0	not-slf/2591.jpg
1771	0	not-slf/2592.jpg
1772	0	not-slf/2593.jpg
1773	0	not-slf/2594.jpg
1774	0	not-slf/2595.jpg
1775	0	not-slf/2596.jpg
1776	0	not-slf/2597.jpg
1777	0	not-slf/2598.jpg
1778	0	not-slf/2599.jpg
1779	0	not-slf/26.jpg
1780	0	not-slf/260.jpg
1781	0	not-slf/2600.jpg
1782	0	not-slf/2601.jpg
1783	0	not-slf/2602.jpg
1784	0	not-slf/2603.jpg
1785	0	not-slf/2604.jpg
1786	0	not-slf/2605.jpg
1787	0	not-slf/2606.jpg
1788	0	not-slf/2607.jpg
1789	0	not-slf/2608.jpg
1790	0	not-slf/2609.jpg
1791	0	not-slf/261.jpg
1792	0	not-slf/2610.jpg
1793	0	not-slf/2611.jpg
1794	0	not-slf/2612.jpg
1795	0	not-slf/2613.jpg
1796	0	not-slf/2614.jpg
1797	0	not-slf/2615.jpg
1798	0	not-slf/2616.jpg
1799	0	not-slf/2617.jpg
1800	0	not-slf/2618.jpg
1801	0	not-slf/2619.jpg
1802	0	not-slf/262.jpg
1803	0	not-slf/2620.jpg
1804	0	not-slf/2621.jpg
1805	0	not-slf/2622.jpg
1806	0	not-slf/2623.jpg
1807	0	not-slf/2624.jpg
1808	0	not-slf/2625.jpg
1809	0	not-slf/2626.jpg
1810	0	not-slf/2627.jpg
1811	0	not-slf/2628.jpg
1812	0	not-slf/2629.jpg
1813	0	not-slf/263.jpg
1814	0	not-slf/2630.jpg
1815	0	not-slf/2631.jpg
1816	0	not-slf/2632.jpg
1817	0	not-slf/2633.jpg
1818	0	not-slf/2634.jpg
1819	0	not-slf/2635.jpg
1820	0	not-slf/2636.jpg
1821	0	not-slf/2637.jpg
1822	0	not-slf/2638.jpg
1823	0	not-slf/2639.jpg
1824	0	not-slf/264.jpg
1825	0	not-slf/2640.jpg
1826	0	not-slf/2641.jpg
1827	0	not-slf/2642.jpg
1828	0	not-slf/2643.jpg
1829	0	not-slf/2644.jpg
1830	0	not-slf/2645.jpg
1831	0	not-slf/2646.jpg
1832	0	not-slf/2647.jpg
1833	0	not-slf/2648.jpg
1834	0	not-slf/2649.jpg
1835	0	not-slf/265.jpg
1836	0	not-slf/2650.jpg
1837	0	not-slf/2651.jpg
1838	0	not-slf/2652.jpg
1839	0	not-slf/2653.jpg
1840	0	not-slf/2654.jpg
1841	0	not-slf/2655.jpg
1842	0	not-slf/2656.jpg
1843	0	not-slf/2657.jpg
1844	0	not-slf/2658.jpg
1845	0	not-slf/2659.jpg
1846	0	not-slf/266.jpg
1847	0	not-slf/2660.jpg
1848	0	not-slf/2661.jpg
1849	0	not-slf/2662.jpg
1850	0	not-slf/2663.jpg
1851	0	not-slf/2664.jpg
1852	0	not-slf/2665.jpg
1853	0	not-slf/2666.jpg
1854	0	not-slf/2667.jpg
1855	0	not-slf/2668.jpg
1856	0	not-slf/2669.jpg
1857	0	not-slf/267.jpg
1858	0	not-slf/2670.jpg
1859	0	not-slf/2671.jpg
1860	0	not-slf/2672.jpg
1861	0	not-slf/2673.jpg
1862	0	not-slf/2674.jpg
1863	0	not-slf/2675.jpg
1864	0	not-slf/2676.jpg
1865	0	not-slf/2677.jpg
1866	0	not-slf/2678.jpg
1867	0	not-slf/2679.jpg
1868	0	not-slf/268.jpg
1869	0	not-slf/2680.jpg
1870	0	not-slf/2681.jpg
1871	0	not-slf/2682.jpg
1872	0	not-slf/2683.jpg
1873	0	not-slf/2684.jpg
1874	0	not-slf/2685.jpg
1875	0	not-slf/2686.jpg
1876	0	not-slf/2687.jpg
1877	0	not-slf/2688.jpg
1878	0	not-slf/2689.jpg
1879	0	not-slf/269.jpg
1880	0	not-slf/2690.jpg
1881	0	not-slf/2691.jpg
1882	0	not-slf/2692.jpg
1883	0	not-slf/2693.jpg
1884	0	not-slf/2694.jpg
1885	0	not-slf/2695.jpg
1886	0	not-slf/2696.jpg
1887	0	not-slf/2697.jpg
1888	0	not-slf/2698.jpg
1889	0	not-slf/2699.jpg
1890	0	not-slf/27.jpg
1891	0	not-slf/270.jpg
1892	0	not-slf/2700.jpg
1893	0	not-slf/2701.jpg
1894	0	not-slf/2702.jpg
1895	0	not-slf/2703.jpg
1896	0	not-slf/2704.jpg
1897	0	not-slf/2705.jpg
1898	0	not-slf/2706.jpg
1899	0	not-slf/2707.jpg
1900	0	not-slf/2708.jpg
1901	0	not-slf/2709.jpg
1902	0	not-slf/271.jpg
1903	0	not-slf/2710.jpg
1904	0	not-slf/2711.jpg
1905	0	not-slf/2712.jpg
1906	0	not-slf/2713.jpg
1907	0	not-slf/2714.jpg
1908	0	not-slf/2715.jpg
1909	0	not-slf/2716.jpg
1910	0	not-slf/2717.jpg
1911	0	not-slf/2718.jpg
1912	0	not-slf/2719.jpg
1913	0	not-slf/272.jpg
1914	0	not-slf/2720.jpg
1915	0	not-slf/2721.jpg
1916	0	not-slf/2722.jpg
1917	0	not-slf/2723.jpg
1918	0	not-slf/2724.jpg
1919	0	not-slf/2725.jpg
1920	0	not-slf/2726.jpg
1921	0	not-slf/2727.jpg
1922	0	not-slf/2728.jpg
1923	0	not-slf/2729.jpg
1924	0	not-slf/273.jpg
1925	0	not-slf/2730.jpg
1926	0	not-slf/2731.jpg
1927	0	not-slf/2732.jpg
1928	0	not-slf/2733.jpg
1929	0	not-slf/2734.jpg
1930	0	not-slf/2735.jpg
1931	0	not-slf/2736.jpg
1932	0	not-slf/2737.jpg
1933	0	not-slf/2738.jpg
1934	0	not-slf/2739.jpg
1935	0	not-slf/274.jpg
1936	0	not-slf/2740.jpg
1937	0	not-slf/2741.jpg
1938	0	not-slf/2742.jpg
1939	0	not-slf/2743.jpg
1940	0	not-slf/2744.jpg
1941	0	not-slf/2745.jpg
1942	0	not-slf/2746.jpg
1943	0	not-slf/2747.jpg
1944	0	not-slf/2748.jpg
1945	0	not-slf/2749.jpg
1946	0	not-slf/275.jpg
1947	0	not-slf/2750.jpg
1948	0	not-slf/2751.jpg
1949	0	not-slf/2752.jpg
1950	0	not-slf/2753.jpg
1951	0	not-slf/2754.jpg
1952	0	not-slf/2755.jpg
1953	0	not-slf/2756.jpg
1954	0	not-slf/2757.jpg
1955	0	not-slf/2758.jpg
1956	0	not-slf/2759.jpg
1957	0	not-slf/276.jpg
1958	0	not-slf/2760.jpg
1959	0	not-slf/2761.jpg
1960	0	not-slf/2762.jpg
1961	0	not-slf/2763.jpg
1962	0	not-slf/2764.jpg
1963	0	not-slf/2765.jpg
1964	0	not-slf/2766.jpg
1965	0	not-slf/2767.jpg
1966	0	not-slf/2768.jpg
1967	0	not-slf/2769.jpg
1968	0	not-slf/277.jpg
1969	0	not-slf/2770.jpg
1970	0	not-slf/2771.jpg
1971	0	not-slf/2772.jpg
1972	0	not-slf/2773.jpg
1973	0	not-slf/2774.jpg
1974	0	not-slf/2775.jpg
1975	0	not-slf/2776.jpg
1976	0	not-slf/2777.jpg
1977	0	not-slf/2778.jpg
1978	0	not-slf/2779.jpg
1979	0	not-slf/278.jpg
1980	0	not-slf/2780.jpg
1981	0	not-slf/2781.jpg
1982	0	not-slf/2782.jpg
1983	0	not-slf/2783.jpg
1984	0	not-slf/2784.jpg
1985	0	not-slf/2785.jpg
1986	0	not-slf/2786.jpg
1987	0	not-slf/2787.jpg
1988	0	not-slf/2788.jpg
1989	0	not-slf/2789.jpg
1990	0	not-slf/279.jpg
1991	0	not-slf/2790.jpg
1992	0	not-slf/2791.jpg
1993	0	not-slf/2792.jpg
1994	0	not-slf/2793.jpg
1995	0	not-slf/2794.jpg
1996	0	not-slf/2795.jpg
1997	0	not-slf/2796.jpg
1998	0	not-slf/2797.jpg
1999	0	not-slf/2798.jpg
2000	0	not-slf/2799.jpg
2001	0	not-slf/28.jpg
2002	0	not-slf/280.jpg
2003	0	not-slf/2800.jpg
2004	0	not-slf/2801.jpg
2005	0	not-slf/2802.jpg
2006	0	not-slf/2803.jpg
2007	0	not-slf/2804.jpg
2008	0	not-slf/2805.jpg
2009	0	not-slf/2806.jpg
2010	0	not-slf/2807.jpg
2011	0	not-slf/2808.jpg
2012	0	not-slf/2809.jpg
2013	0	not-slf/281.jpg
2014	0	not-slf/2810.jpg
2015	0	not-slf/2811.jpg
2016	0	not-slf/282.jpg
2017	0	not-slf/283.jpg
2018	0	not-slf/284.jpg
2019	0	not-slf/285.jpg
2020	0	not-slf/286.jpg
2021	0	not-slf/287.jpg
2022	0	not-slf/288.jpg
2023	0	not-slf/289.jpg
2024	0	not-slf/29.jpg
2025	0	not-slf/290.jpg
2026	0	not-slf/291.jpg
2027	0	not-slf/292.jpg
2028	0	not-slf/293.jpg
2029	0	not-slf/294.jpg
2030	0	not-slf/295.jpg
2031	0	not-slf/296.jpg
2032	0	not-slf/297.jpg
2033	0	not-slf/298.jpg
2034	0	not-slf/299.jpg
2035	0	not-slf/3.jpg
2036	0	not-slf/30.jpg
2037	0	not-slf/300.jpg
2038	0	not-slf/301.jpg
2039	0	not-slf/302.jpg
2040	0	not-slf/303.jpg
2041	0	not-slf/304.jpg
2042	0	not-slf/305.jpg
2043	0	not-slf/306.jpg
2044	0	not-slf/307.jpg
2045	0	not-slf/308.jpg
2046	0	not-slf/309.jpg
2047	0	not-slf/31.jpg
2048	0	not-slf/310.jpg
2049	0	not-slf/311.jpg
2050	0	not-slf/312.jpg
2051	0	not-slf/313.jpg
2052	0	not-slf/314.jpg
2053	0	not-slf/315.jpg
2054	0	not-slf/316.jpg
2055	0	not-slf/317.jpg
2056	0	not-slf/318.jpg
2057	0	not-slf/319.jpg
2058	0	not-slf/32.jpg
2059	0	not-slf/320.jpg
2060	0	not-slf/321.jpg
2061	0	not-slf/322.jpg
2062	0	not-slf/323.jpg
2063	0	not-slf/324.jpg
2064	0	not-slf/325.jpg
2065	0	not-slf/326.jpg
2066	0	not-slf/327.jpg
2067	0	not-slf/328.jpg
2068	0	not-slf/329.jpg
2069	0	not-slf/33.jpg
2070	0	not-slf/330.jpg
2071	0	not-slf/331.jpg
2072	0	not-slf/332.jpg
2073	0	not-slf/333.jpg
2074	0	not-slf/334.jpg
2075	0	not-slf/335.jpg
2076	0	not-slf/336.jpg
2077	0	not-slf/337.jpg
2078	0	not-slf/338.jpg
2079	0	not-slf/339.jpg
2080	0	not-slf/34.jpg
2081	0	not-slf/340.jpg
2082	0	not-slf/341.jpg
2083	0	not-slf/342.jpg
2084	0	not-slf/343.jpg
2085	0	not-slf/344.jpg
2086	0	not-slf/345.jpg
2087	0	not-slf/346.jpg
2088	0	not-slf/347.jpg
2089	0	not-slf/348.jpg
2090	0	not-slf/349.jpg
2091	0	not-slf/35.jpg
2092	0	not-slf/350.jpg
2093	0	not-slf/351.jpg
2094	0	not-slf/352.jpg
2095	0	not-slf/353.jpg
2096	0	not-slf/354.jpg
2097	0	not-slf/355.jpg
2098	0	not-slf/356.jpg
2099	0	not-slf/357.jpg
2100	0	not-slf/358.jpg
2101	0	not-slf/359.jpg
2102	0	not-slf/36.jpg
2103	0	not-slf/360.jpg
2104	0	not-slf/361.jpg
2105	0	not-slf/362.jpg
2106	0	not-slf/363.jpg
2107	0	not-slf/364.jpg
2108	0	not-slf/365.jpg
2109	0	not-slf/366.jpg
2110	0	not-slf/367.jpg
2111	0	not-slf/368.jpg
2112	0	not-slf/369.jpg
2113	0	not-slf/37.jpg
2114	0	not-slf/370.jpg
2115	0	not-slf/371.jpg
2116	0	not-slf/372.jpg
2117	0	not-slf/373.jpg
2118	0	not-slf/374.jpg
2119	0	not-slf/375.jpg
2120	0	not-slf/376.jpg
2121	0	not-slf/377.jpg
2122	0	not-slf/378.jpg
2123	0	not-slf/379.jpg
2124	0	not-slf/38.jpg
2125	0	not-slf/380.jpg
2126	0	not-slf/381.jpg
2127	0	not-slf/382.jpg
2128	0	not-slf/383.jpg
2129	0	not-slf/384.jpg
2130	0	not-slf/385.jpg
2131	0	not-slf/386.jpg
2132	0	not-slf/387.jpg
2133	0	not-slf/388.jpg
2134	0	not-slf/389.jpg
2135	0	not-slf/39.jpg
2136	0	not-slf/390.jpg
2137	0	not-slf/391.jpg
2138	0	not-slf/392.jpg
2139	0	not-slf/393.jpg
2140	0	not-slf/394.jpg
2141	0	not-slf/395.jpg
2142	0	not-slf/396.jpg
2143	0	not-slf/397.jpg
2144	0	not-slf/398.jpg
2145	0	not-slf/399.jpg
2146	0	not-slf/4.jpg
2147	0	not-slf/40.jpg
2148	0	not-slf/400.jpg
2149	0	not-slf/401.jpg
2150	0	not-slf/402.jpg
2151	0	not-slf/403.jpg
2152	0	not-slf/404.jpg
2153	0	not-slf/405.jpg
2154	0	not-slf/406.jpg
2155	0	not-slf/407.jpg
2156	0	not-slf/408.jpg
2157	0	not-slf/409.jpg
2158	0	not-slf/41.jpg
2159	0	not-slf/410.jpg
2160	0	not-slf/411.jpg
2161	0	not-slf/412.jpg
2162	0	not-slf/413.jpg
2163	0	not-slf/414.jpg
2164	0	not-slf/415.jpg
2165	0	not-slf/416.jpg
2166	0	not-slf/417.jpg
2167	0	not-slf/418.jpg
2168	0	not-slf/419.jpg
2169	0	not-slf/42.jpg
2170	0	not-slf/420.jpg
2171	0	not-slf/421.jpg
2172	0	not-slf/422.jpg
2173	0	not-slf/423.jpg
2174	0	not-slf/424.jpg
2175	0	not-slf/425.jpg
2176	0	not-slf/426.jpg
2177	0	not-slf/427.jpg
2178	0	not-slf/428.jpg
2179	0	not-slf/429.jpg
2180	0	not-slf/43.jpg
2181	0	not-slf/430.jpg
2182	0	not-slf/431.jpg
2183	0	not-slf/432.jpg
2184	0	not-slf/433.jpg
2185	0	not-slf/434.jpg
2186	0	not-slf/435.jpg
2187	0	not-slf/436.jpg
2188	0	not-slf/437.jpg
2189	0	not-slf/438.jpg
2190	0	not-slf/439.jpg
2191	0	not-slf/44.jpg
2192	0	not-slf/440.jpg
2193	0	not-slf/441.jpg
2194	0	not-slf/442.jpg
2195	0	not-slf/443.jpg
2196	0	not-slf/444.jpg
2197	0	not-slf/445.jpg
2198	0	not-slf/446.jpg
2199	0	not-slf/447.jpg
2200	0	not-slf/448.jpg
2201	0	not-slf/449.jpg
2202	0	not-slf/45.jpg
2203	0	not-slf/450.jpg
2204	0	not-slf/451.jpg
2205	0	not-slf/452.jpg
2206	0	not-slf/453.jpg
2207	0	not-slf/454.jpg
2208	0	not-slf/455.jpg
2209	0	not-slf/456.jpg
2210	0	not-slf/457.jpg
2211	0	not-slf/458.jpg
2212	0	not-slf/459.jpg
2213	0	not-slf/46.jpg
2214	0	not-slf/460.jpg
2215	0	not-slf/461.jpg
2216	0	not-slf/462.jpg
2217	0	not-slf/463.jpg
2218	0	not-slf/464.jpg
2219	0	not-slf/465.jpg
2220	0	not-slf/466.jpg
2221	0	not-slf/467.jpg
2222	0	not-slf/468.jpg
2223	0	not-slf/469.jpg
2224	0	not-slf/47.jpg
2225	0	not-slf/470.jpg
2226	0	not-slf/471.jpg
2227	0	not-slf/472.jpg
2228	0	not-slf/473.jpg
2229	0	not-slf/474.jpg
2230	0	not-slf/475.jpg
2231	0	not-slf/476.jpg
2232	0	not-slf/477.jpg
2233	0	not-slf/478.jpg
2234	0	not-slf/479.jpg
2235	0	not-slf/48.jpg
2236	0	not-slf/480.jpg
2237	0	not-slf/481.jpg
2238	0	not-slf/482.jpg
2239	0	not-slf/483.jpg
2240	0	not-slf/484.jpg
2241	0	not-slf/485.jpg
2242	0	not-slf/486.jpg
2243	0	not-slf/487.jpg
2244	0	not-slf/488.jpg
2245	0	not-slf/489.jpg
2246	0	not-slf/49.jpg
2247	0	not-slf/490.jpg
2248	0	not-slf/491.jpg
2249	0	not-slf/492.jpg
2250	0	not-slf/493.jpg
2251	0	not-slf/494.jpg
2252	0	not-slf/495.jpg
2253	0	not-slf/496.jpg
2254	0	not-slf/497.jpg
2255	0	not-slf/498.jpg
2256	0	not-slf/499.jpg
2257	0	not-slf/5.jpg
2258	0	not-slf/50.jpg
2259	0	not-slf/500.jpg
2260	0	not-slf/501.jpg
2261	0	not-slf/502.jpg
2262	0	not-slf/503.jpg
2263	0	not-slf/504.jpg
2264	0	not-slf/505.jpg
2265	0	not-slf/506.jpg
2266	0	not-slf/507.jpg
2267	0	not-slf/508.jpg
2268	0	not-slf/509.jpg
2269	0	not-slf/51.jpg
2270	0	not-slf/510.jpg
2271	0	not-slf/511.jpg
2272	0	not-slf/512.jpg
2273	0	not-slf/513.jpg
2274	0	not-slf/514.jpg
2275	0	not-slf/515.jpg
2276	0	not-slf/516.jpg
2277	0	not-slf/517.jpg
2278	0	not-slf/518.jpg
2279	0	not-slf/519.jpg
2280	0	not-slf/52.jpg
2281	0	not-slf/520.jpg
2282	0	not-slf/521.jpg
2283	0	not-slf/522.jpg
2284	0	not-slf/523.jpg
2285	0	not-slf/524.jpg
2286	0	not-slf/525.jpg
2287	0	not-slf/526.jpg
2288	0	not-slf/527.jpg
2289	0	not-slf/528.jpg
2290	0	not-slf/529.jpg
2291	0	not-slf/53.jpg
2292	0	not-slf/530.jpg
2293	0	not-slf/531.jpg
2294	0	not-slf/532.jpg
2295	0	not-slf/533.jpg
2296	0	not-slf/534.jpg
2297	0	not-slf/535.jpg
2298	0	not-slf/536.jpg
2299	0	not-slf/537.jpg
2300	0	not-slf/538.jpg
2301	0	not-slf/539.jpg
2302	0	not-slf/54.jpg
2303	0	not-slf/540.jpg
2304	0	not-slf/541.jpg
2305	0	not-slf/542.jpg
2306	0	not-slf/543.jpg
2307	0	not-slf/544.jpg
2308	0	not-slf/545.jpg
2309	0	not-slf/546.jpg
2310	0	not-slf/547.jpg
2311	0	not-slf/548.jpg
2312	0	not-slf/549.jpg
2313	0	not-slf/55.jpg
2314	0	not-slf/550.jpg
2315	0	not-slf/551.jpg
2316	0	not-slf/552.jpg
2317	0	not-slf/553.jpg
2318	0	not-slf/554.jpg
2319	0	not-slf/555.jpg
2320	0	not-slf/556.jpg
2321	0	not-slf/557.jpg
2322	0	not-slf/558.jpg
2323	0	not-slf/559.jpg
2324	0	not-slf/56.jpg
2325	0	not-slf/560.jpg
2326	0	not-slf/561.jpg
2327	0	not-slf/562.jpg
2328	0	not-slf/563.jpg
2329	0	not-slf/564.jpg
2330	0	not-slf/565.jpg
2331	0	not-slf/566.jpg
2332	0	not-slf/567.jpg
2333	0	not-slf/568.jpg
2334	0	not-slf/569.jpg
2335	0	not-slf/57.jpg
2336	0	not-slf/570.jpg
2337	0	not-slf/571.jpg
2338	0	not-slf/572.jpg
2339	0	not-slf/573.jpg
2340	0	not-slf/574.jpg
2341	0	not-slf/575.jpg
2342	0	not-slf/576.jpg
2343	0	not-slf/577.jpg
2344	0	not-slf/578.jpg
2345	0	not-slf/579.jpg
2346	0	not-slf/58.jpg
2347	0	not-slf/580.jpg
2348	0	not-slf/581.jpg
2349	0	not-slf/582.jpg
2350	0	not-slf/583.jpg
2351	0	not-slf/584.jpg
2352	0	not-slf/585.jpg
2353	0	not-slf/586.jpg
2354	0	not-slf/587.jpg
2355	0	not-slf/588.jpg
2356	0	not-slf/589.jpg
2357	0	not-slf/59.jpg
2358	0	not-slf/590.jpg
2359	0	not-slf/591.jpg
2360	0	not-slf/592.jpg
2361	0	not-slf/593.jpg
2362	0	not-slf/594.jpg
2363	0	not-slf/595.jpg
2364	0	not-slf/596.jpg
2365	0	not-slf/597.jpg
2366	0	not-slf/598.jpg
2367	0	not-slf/599.jpg
2368	0	not-slf/6.jpg
2369	0	not-slf/60.jpg
2370	0	not-slf/600.jpg
2371	0	not-slf/601.jpg
2372	0	not-slf/602.jpg
2373	0	not-slf/603.jpg
2374	0	not-slf/604.jpg
2375	0	not-slf/605.jpg
2376	0	not-slf/606.jpg
2377	0	not-slf/607.jpg
2378	0	not-slf/608.jpg
2379	0	not-slf/609.jpg
2380	0	not-slf/61.jpg
2381	0	not-slf/610.jpg
2382	0	not-slf/611.jpg
2383	0	not-slf/612.jpg
2384	0	not-slf/613.jpg
2385	0	not-slf/614.jpg
2386	0	not-slf/615.jpg
2387	0	not-slf/616.jpg
2388	0	not-slf/617.jpg
2389	0	not-slf/618.jpg
2390	0	not-slf/619.jpg
2391	0	not-slf/62.jpg
2392	0	not-slf/620.jpg
2393	0	not-slf/621.jpg
2394	0	not-slf/622.jpg
2395	0	not-slf/623.jpg
2396	0	not-slf/624.jpg
2397	0	not-slf/625.jpg
2398	0	not-slf/626.jpg
2399	0	not-slf/627.jpg
2400	0	not-slf/628.jpg
2401	0	not-slf/629.jpg
2402	0	not-slf/63.jpg
2403	0	not-slf/630.jpg
2404	0	not-slf/631.jpg
2405	0	not-slf/632.jpg
2406	0	not-slf/633.jpg
2407	0	not-slf/634.jpg
2408	0	not-slf/635.jpg
2409	0	not-slf/636.jpg
2410	0	not-slf/637.jpg
2411	0	not-slf/638.jpg
2412	0	not-slf/639.jpg
2413	0	not-slf/64.jpg
2414	0	not-slf/640.jpg
2415	0	not-slf/641.jpg
2416	0	not-slf/642.jpg
2417	0	not-slf/643.jpg
2418	0	not-slf/644.jpg
2419	0	not-slf/645.jpg
2420	0	not-slf/646.jpg
2421	0	not-slf/647.jpg
2422	0	not-slf/648.jpg
2423	0	not-slf/649.jpg
2424	0	not-slf/65.jpg
2425	0	not-slf/650.jpg
2426	0	not-slf/651.jpg
2427	0	not-slf/652.jpg
2428	0	not-slf/653.jpg
2429	0	not-slf/654.jpg
2430	0	not-slf/655.jpg
2431	0	not-slf/656.jpg
2432	0	not-slf/657.jpg
2433	0	not-slf/658.jpg
2434	0	not-slf/659.jpg
2435	0	not-slf/66.jpg
2436	0	not-slf/660.jpg
2437	0	not-slf/661.jpg
2438	0	not-slf/662.jpg
2439	0	not-slf/663.jpg
2440	0	not-slf/664.jpg
2441	0	not-slf/665.jpg
2442	0	not-slf/666.jpg
2443	0	not-slf/667.jpg
2444	0	not-slf/668.jpg
2445	0	not-slf/669.jpg
2446	0	not-slf/67.jpg
2447	0	not-slf/670.jpg
2448	0	not-slf/671.jpg
2449	0	not-slf/672.jpg
2450	0	not-slf/673.jpg
2451	0	not-slf/674.jpg
2452	0	not-slf/675.jpg
2453	0	not-slf/676.jpg
2454	0	not-slf/677.jpg
2455	0	not-slf/678.jpg
2456	0	not-slf/679.jpg
2457	0	not-slf/68.jpg
2458	0	not-slf/680.jpg
2459	0	not-slf/681.jpg
2460	0	not-slf/682.jpg
2461	0	not-slf/683.jpg
2462	0	not-slf/684.jpg
2463	0	not-slf/685.jpg
2464	0	not-slf/686.jpg
2465	0	not-slf/687.jpg
2466	0	not-slf/688.jpg
2467	0	not-slf/689.jpg
2468	0	not-slf/69.jpg
2469	0	not-slf/690.jpg
2470	0	not-slf/691.jpg
2471	0	not-slf/692.jpg
2472	0	not-slf/693.jpg
2473	0	not-slf/694.jpg
2474	0	not-slf/695.jpg
2475	0	not-slf/696.jpg
2476	0	not-slf/697.jpg
2477	0	not-slf/698.jpg
2478	0	not-slf/699.jpg
2479	0	not-slf/7.jpg
2480	0	not-slf/70.jpg
2481	0	not-slf/700.jpg
2482	0	not-slf/701.jpg
2483	0	not-slf/702.jpg
2484	0	not-slf/703.jpg
2485	0	not-slf/704.jpg
2486	0	not-slf/705.jpg
2487	0	not-slf/706.jpg
2488	0	not-slf/707.jpg
2489	0	not-slf/708.jpg
2490	0	not-slf/709.jpg
2491	0	not-slf/71.jpg
2492	0	not-slf/710.jpg
2493	0	not-slf/711.jpg
2494	0	not-slf/712.jpg
2495	0	not-slf/713.jpg
2496	0	not-slf/714.jpg
2497	0	not-slf/715.jpg
2498	0	not-slf/716.jpg
2499	0	not-slf/717.jpg
2500	0	not-slf/718.jpg
2501	0	not-slf/719.jpg
2502	0	not-slf/72.jpg
2503	0	not-slf/720.jpg
2504	0	not-slf/721.jpg
2505	0	not-slf/722.jpg
2506	0	not-slf/723.jpg
2507	0	not-slf/724.jpg
2508	0	not-slf/725.jpg
2509	0	not-slf/726.jpg
2510	0	not-slf/727.jpg
2511	0	not-slf/728.jpg
2512	0	not-slf/729.jpg
2513	0	not-slf/73.jpg
2514	0	not-slf/730.jpg
2515	0	not-slf/731.jpg
2516	0	not-slf/732.jpg
2517	0	not-slf/733.jpg
2518	0	not-slf/734.jpg
2519	0	not-slf/735.jpg
2520	0	not-slf/736.jpg
2521	0	not-slf/737.jpg
2522	0	not-slf/738.jpg
2523	0	not-slf/739.jpg
2524	0	not-slf/74.jpg
2525	0	not-slf/740.jpg
2526	0	not-slf/741.jpg
2527	0	not-slf/742.jpg
2528	0	not-slf/743.jpg
2529	0	not-slf/744.jpg
2530	0	not-slf/745.jpg
2531	0	not-slf/746.jpg
2532	0	not-slf/747.jpg
2533	0	not-slf/748.jpg
2534	0	not-slf/749.jpg
2535	0	not-slf/75.jpg
2536	0	not-slf/750.jpg
2537	0	not-slf/751.jpg
2538	0	not-slf/752.jpg
2539	0	not-slf/753.jpg
2540	0	not-slf/754.jpg
2541	0	not-slf/755.jpg
2542	0	not-slf/756.jpg
2543	0	not-slf/757.jpg
2544	0	not-slf/758.jpg
2545	0	not-slf/759.jpg
2546	0	not-slf/76.jpg
2547	0	not-slf/760.jpg
2548	0	not-slf/761.jpg
2549	0	not-slf/762.jpg
2550	0	not-slf/763.jpg
2551	0	not-slf/764.jpg
2552	0	not-slf/765.jpg
2553	0	not-slf/766.jpg
2554	0	not-slf/767.jpg
2555	0	not-slf/768.jpg
2556	0	not-slf/769.jpg
2557	0	not-slf/77.jpg
2558	0	not-slf/770.jpg
2559	0	not-slf/771.jpg
2560	0	not-slf/772.jpg
2561	0	not-slf/773.jpg
2562	0	not-slf/774.jpg
2563	0	not-slf/775.jpg
2564	0	not-slf/776.jpg
2565	0	not-slf/777.jpg
2566	0	not-slf/778.jpg
2567	0	not-slf/779.jpg
2568	0	not-slf/78.jpg
2569	0	not-slf/780.jpg
2570	0	not-slf/781.jpg
2571	0	not-slf/782.jpg
2572	0	not-slf/783.jpg
2573	0	not-slf/784.jpg
2574	0	not-slf/785.jpg
2575	0	not-slf/786.jpg
2576	0	not-slf/787.jpg
2577	0	not-slf/788.jpg
2578	0	not-slf/789.jpg
2579	0	not-slf/79.jpg
2580	0	not-slf/790.jpg
2581	0	not-slf/791.jpg
2582	0	not-slf/792.jpg
2583	0	not-slf/793.jpg
2584	0	not-slf/794.jpg
2585	0	not-slf/795.jpg
2586	0	not-slf/796.jpg
2587	0	not-slf/797.jpg
2588	0	not-slf/798.jpg
2589	0	not-slf/799.jpg
2590	0	not-slf/8.jpg
2591	0	not-slf/80.jpg
2592	0	not-slf/800.jpg
2593	0	not-slf/801.jpg
2594	0	not-slf/802.jpg
2595	0	not-slf/803.jpg
2596	0	not-slf/804.jpg
2597	0	not-slf/805.jpg
2598	0	not-slf/806.jpg
2599	0	not-slf/807.jpg
2600	0	not-slf/808.jpg
2601	0	not-slf/809.jpg
2602	0	not-slf/81.jpg
2603	0	not-slf/810.jpg
2604	0	not-slf/811.jpg
2605	0	not-slf/812.jpg
2606	0	not-slf/813.jpg
2607	0	not-slf/814.jpg
2608	0	not-slf/815.jpg
2609	0	not-slf/816.jpg
2610	0	not-slf/817.jpg
2611	0	not-slf/818.jpg
2612	0	not-slf/819.jpg
2613	0	not-slf/82.jpg
2614	0	not-slf/820.jpg
2615	0	not-slf/821.jpg
2616	0	not-slf/822.jpg
2617	0	not-slf/823.jpg
2618	0	not-slf/824.jpg
2619	0	not-slf/825.jpg
2620	0	not-slf/826.jpg
2621	0	not-slf/827.jpg
2622	0	not-slf/828.jpg
2623	0	not-slf/829.jpg
2624	0	not-slf/83.jpg
2625	0	not-slf/830.jpg
2626	0	not-slf/831.jpg
2627	0	not-slf/832.jpg
2628	0	not-slf/833.jpg
2629	0	not-slf/834.jpg
2630	0	not-slf/835.jpg
2631	0	not-slf/836.jpg
2632	0	not-slf/837.jpg
2633	0	not-slf/838.jpg
2634	0	not-slf/839.jpg
2635	0	not-slf/84.jpg
2636	0	not-slf/840.jpg
2637	0	not-slf/841.jpg
2638	0	not-slf/842.jpg
2639	0	not-slf/843.jpg
2640	0	not-slf/844.jpg
2641	0	not-slf/845.jpg
2642	0	not-slf/846.jpg
2643	0	not-slf/847.jpg
2644	0	not-slf/848.jpg
2645	0	not-slf/849.jpg
2646	0	not-slf/85.jpg
2647	0	not-slf/850.jpg
2648	0	not-slf/851.jpg
2649	0	not-slf/852.jpg
2650	0	not-slf/853.jpg
2651	0	not-slf/854.jpg
2652	0	not-slf/855.jpg
2653	0	not-slf/856.jpg
2654	0	not-slf/857.jpg
2655	0	not-slf/858.jpg
2656	0	not-slf/859.jpg
2657	0	not-slf/86.jpg
2658	0	not-slf/860.jpg
2659	0	not-slf/861.jpg
2660	0	not-slf/862.jpg
2661	0	not-slf/863.jpg
2662	0	not-slf/864.jpg
2663	0	not-slf/865.jpg
2664	0	not-slf/866.jpg
2665	0	not-slf/867.jpg
2666	0	not-slf/868.jpg
2667	0	not-slf/869.jpg
2668	0	not-slf/87.jpg
2669	0	not-slf/870.jpg
2670	0	not-slf/871.jpg
2671	0	not-slf/872.jpg
2672	0	not-slf/873.jpg
2673	0	not-slf/874.jpg
2674	0	not-slf/875.jpg
2675	0	not-slf/876.jpg
2676	0	not-slf/877.jpg
2677	0	not-slf/878.jpg
2678	0	not-slf/879.jpg
2679	0	not-slf/88.jpg
2680	0	not-slf/880.jpg
2681	0	not-slf/881.jpg
2682	0	not-slf/882.jpg
2683	0	not-slf/883.jpg
2684	0	not-slf/884.jpg
2685	0	not-slf/885.jpg
2686	0	not-slf/886.jpg
2687	0	not-slf/887.jpg
2688	0	not-slf/888.jpg
2689	0	not-slf/889.jpg
2690	0	not-slf/89.jpg
2691	0	not-slf/890.jpg
2692	0	not-slf/891.jpg
2693	0	not-slf/892.jpg
2694	0	not-slf/893.jpg
2695	0	not-slf/894.jpg
2696	0	not-slf/895.jpg
2697	0	not-slf/896.jpg
2698	0	not-slf/897.jpg
2699	0	not-slf/898.jpg
2700	0	not-slf/899.jpg
2701	0	not-slf/9.jpg
2702	0	not-slf/90.jpg
2703	0	not-slf/900.jpg
2704	0	not-slf/901.jpg
2705	0	not-slf/902.jpg
2706	0	not-slf/903.jpg
2707	0	not-slf/904.jpg
2708	0	not-slf/905.jpg
2709	0	not-slf/906.jpg
2710	0	not-slf/907.jpg
2711	0	not-slf/908.jpg
2712	0	not-slf/909.jpg
2713	0	not-slf/91.jpg
2714	0	not-slf/910.jpg
2715	0	not-slf/911.jpg
2716	0	not-slf/912.jpg
2717	0	not-slf/913.jpg
2718	0	not-slf/914.jpg
2719	0	not-slf/915.jpg
2720	0	not-slf/916.jpg
2721	0	not-slf/917.jpg
2722	0	not-slf/918.jpg
2723	0	not-slf/919.jpg
2724	0	not-slf/92.jpg
2725	0	not-slf/920.jpg
2726	0	not-slf/921.jpg
2727	0	not-slf/922.jpg
2728	0	not-slf/923.jpg
2729	0	not-slf/924.jpg
2730	0	not-slf/925.jpg
2731	0	not-slf/926.jpg
2732	0	not-slf/927.jpg
2733	0	not-slf/928.jpg
2734	0	not-slf/929.jpg
2735	0	not-slf/93.jpg
2736	0	not-slf/930.jpg
2737	0	not-slf/931.jpg
2738	0	not-slf/932.jpg
2739	0	not-slf/933.jpg
2740	0	not-slf/934.jpg
2741	0	not-slf/935.jpg
2742	0	not-slf/936.jpg
2743	0	not-slf/937.jpg
2744	0	not-slf/938.jpg
2745	0	not-slf/939.jpg
2746	0	not-slf/94.jpg
2747	0	not-slf/940.jpg
2748	0	not-slf/941.jpg
2749	0	not-slf/942.jpg
2750	0	not-slf/943.jpg
2751	0	not-slf/944.jpg
2752	0	not-slf/945.jpg
2753	0	not-slf/946.jpg
2754	0	not-slf/947.jpg
2755	0	not-slf/948.jpg
2756	0	not-slf/949.jpg
2757	0	not-slf/95.jpg
2758	0	not-slf/950.jpg
2759	0	not-slf/951.jpg
2760	0	not-slf/952.jpg
2761	0	not-slf/953.jpg
2762	0	not-slf/954.jpg
2763	0	not-slf/955.jpg
2764	0	not-slf/956.jpg
2765	0	not-slf/957.jpg
2766	0	not-slf/958.jpg
2767	0	not-slf/959.jpg
2768	0	not-slf/96.jpg
2769	0	not-slf/960.jpg
2770	0	not-slf/961.jpg
2771	0	not-slf/962.jpg
2772	0	not-slf/963.jpg
2773	0	not-slf/964.jpg
2774	0	not-slf/965.jpg
2775	0	not-slf/966.jpg
2776	0	not-slf/967.jpg
2777	0	not-slf/968.jpg
2778	0	not-slf/969.jpg
2779	0	not-slf/97.jpg
2780	0	not-slf/970.jpg
2781	0	not-slf/971.jpg
2782	0	not-slf/972.jpg
2783	0	not-slf/973.jpg
2784	0	not-slf/974.jpg
2785	0	not-slf/975.jpg
2786	0	not-slf/976.jpg
2787	0	not-slf/977.jpg
2788	0	not-slf/978.jpg
2789	0	not-slf/979.jpg
2790	0	not-slf/98.jpg
2791	0	not-slf/980.jpg
2792	0	not-slf/981.jpg
2793	0	not-slf/982.jpg
2794	0	not-slf/983.jpg
2795	0	not-slf/984.jpg
2796	0	not-slf/985.jpg
2797	0	not-slf/986.jpg
2798	0	not-slf/987.jpg
2799	0	not-slf/988.jpg
2800	0	not-slf/989.jpg
2801	0	not-slf/99.jpg
2802	0	not-slf/990.jpg
2803	0	not-slf/991.jpg
2804	0	not-slf/992.jpg
2805	0	not-slf/993.jpg
2806	0	not-slf/994.jpg
2807	0	not-slf/995.jpg
2808	0	not-slf/996.jpg
2809	0	not-slf/997.jpg
2810	0	not-slf/998.jpg
2811	0	not-slf/999.jpg
